{"/Users/namnguyen/Desktop/hack reactor/FEC/FEC-Main/src/components/Overview/AddToCart.jsx": {"path":"/Users/namnguyen/Desktop/hack reactor/FEC/FEC-Main/src/components/Overview/AddToCart.jsx","statementMap":{"0":{"start":{"line":5,"column":2},"end":{"line":5,"column":40}},"1":{"start":{"line":6,"column":40},"end":{"line":6,"column":52}},"2":{"start":{"line":7,"column":40},"end":{"line":7,"column":51}},"3":{"start":{"line":8,"column":48},"end":{"line":8,"column":59}},"4":{"start":{"line":9,"column":16},"end":{"line":9,"column":40}},"5":{"start":{"line":10,"column":36},"end":{"line":10,"column":47}},"6":{"start":{"line":12,"column":22},"end":{"line":18,"column":3}},"7":{"start":{"line":13,"column":4},"end":{"line":17,"column":6}},"8":{"start":{"line":14,"column":6},"end":{"line":16,"column":14}},"9":{"start":{"line":20,"column":26},"end":{"line":27,"column":3}},"10":{"start":{"line":21,"column":18},"end":{"line":21,"column":68}},"11":{"start":{"line":21,"column":41},"end":{"line":21,"column":67}},"12":{"start":{"line":22,"column":21},"end":{"line":22,"column":38}},"13":{"start":{"line":23,"column":16},"end":{"line":23,"column":43}},"14":{"start":{"line":24,"column":4},"end":{"line":26,"column":7}},"15":{"start":{"line":25,"column":6},"end":{"line":25,"column":147}},"16":{"start":{"line":29,"column":23},"end":{"line":35,"column":3}},"17":{"start":{"line":30,"column":4},"end":{"line":30,"column":23}},"18":{"start":{"line":31,"column":4},"end":{"line":31,"column":35}},"19":{"start":{"line":33,"column":18},"end":{"line":33,"column":72}},"20":{"start":{"line":33,"column":42},"end":{"line":33,"column":70}},"21":{"start":{"line":34,"column":4},"end":{"line":34,"column":38}},"22":{"start":{"line":37,"column":31},"end":{"line":40,"column":3}},"23":{"start":{"line":38,"column":4},"end":{"line":38,"column":23}},"24":{"start":{"line":39,"column":4},"end":{"line":39,"column":39}},"25":{"start":{"line":42,"column":26},"end":{"line":49,"column":3}},"26":{"start":{"line":43,"column":4},"end":{"line":43,"column":23}},"27":{"start":{"line":44,"column":4},"end":{"line":47,"column":5}},"28":{"start":{"line":45,"column":19},"end":{"line":45,"column":67}},"29":{"start":{"line":46,"column":6},"end":{"line":46,"column":37}},"30":{"start":{"line":48,"column":4},"end":{"line":48,"column":32}},"31":{"start":{"line":50,"column":2},"end":{"line":79,"column":4}}},"fnMap":{"0":{"name":"AddToCart","decl":{"start":{"line":4,"column":9},"end":{"line":4,"column":18}},"loc":{"start":{"line":4,"column":34},"end":{"line":80,"column":1}},"line":4},"1":{"name":"(anonymous_1)","decl":{"start":{"line":12,"column":22},"end":{"line":12,"column":23}},"loc":{"start":{"line":13,"column":4},"end":{"line":17,"column":6}},"line":13},"2":{"name":"(anonymous_2)","decl":{"start":{"line":13,"column":14},"end":{"line":13,"column":15}},"loc":{"start":{"line":14,"column":6},"end":{"line":16,"column":14}},"line":14},"3":{"name":"(anonymous_3)","decl":{"start":{"line":20,"column":26},"end":{"line":20,"column":27}},"loc":{"start":{"line":20,"column":40},"end":{"line":27,"column":3}},"line":20},"4":{"name":"(anonymous_4)","decl":{"start":{"line":21,"column":31},"end":{"line":21,"column":32}},"loc":{"start":{"line":21,"column":41},"end":{"line":21,"column":67}},"line":21},"5":{"name":"(anonymous_5)","decl":{"start":{"line":24,"column":19},"end":{"line":24,"column":20}},"loc":{"start":{"line":25,"column":6},"end":{"line":25,"column":147}},"line":25},"6":{"name":"(anonymous_6)","decl":{"start":{"line":29,"column":23},"end":{"line":29,"column":24}},"loc":{"start":{"line":29,"column":30},"end":{"line":35,"column":3}},"line":29},"7":{"name":"(anonymous_7)","decl":{"start":{"line":33,"column":31},"end":{"line":33,"column":32}},"loc":{"start":{"line":33,"column":42},"end":{"line":33,"column":70}},"line":33},"8":{"name":"(anonymous_8)","decl":{"start":{"line":37,"column":31},"end":{"line":37,"column":32}},"loc":{"start":{"line":37,"column":38},"end":{"line":40,"column":3}},"line":37},"9":{"name":"(anonymous_9)","decl":{"start":{"line":42,"column":26},"end":{"line":42,"column":27}},"loc":{"start":{"line":42,"column":33},"end":{"line":49,"column":3}},"line":42}},"branchMap":{"0":{"loc":{"start":{"line":14,"column":6},"end":{"line":16,"column":14}},"type":"cond-expr","locations":[{"start":{"line":15,"column":10},"end":{"line":15,"column":97}},{"start":{"line":16,"column":10},"end":{"line":16,"column":14}}],"line":14},"1":{"loc":{"start":{"line":44,"column":4},"end":{"line":47,"column":5}},"type":"if","locations":[{"start":{"line":44,"column":4},"end":{"line":47,"column":5}},{"start":{},"end":{}}],"line":44},"2":{"loc":{"start":{"line":44,"column":8},"end":{"line":44,"column":38}},"type":"binary-expr","locations":[{"start":{"line":44,"column":8},"end":{"line":44,"column":23}},{"start":{"line":44,"column":27},"end":{"line":44,"column":38}}],"line":44},"3":{"loc":{"start":{"line":57,"column":9},"end":{"line":59,"column":40}},"type":"cond-expr","locations":[{"start":{"line":58,"column":12},"end":{"line":58,"column":54}},{"start":{"line":59,"column":12},"end":{"line":59,"column":40}}],"line":57}},"s":{"0":6,"1":6,"2":6,"3":6,"4":6,"5":6,"6":6,"7":6,"8":27,"9":6,"10":0,"11":0,"12":0,"13":0,"14":0,"15":0,"16":6,"17":1,"18":1,"19":1,"20":5,"21":1,"22":6,"23":0,"24":0,"25":6,"26":1,"27":1,"28":0,"29":0,"30":1,"31":6},"f":{"0":6,"1":6,"2":27,"3":0,"4":0,"5":0,"6":1,"7":5,"8":0,"9":1},"b":{"0":[27,0],"1":[0,1],"2":[1,0],"3":[6,0]},"_coverageSchema":"1a1c01bbd47fc00a2c39e90264f33305004495a9","hash":"b074d0d9cbd87ad75470b5858a4451c162ff9639"}
,"/Users/namnguyen/Desktop/hack reactor/FEC/FEC-Main/src/components/Overview/ExpandedView.jsx": {"path":"/Users/namnguyen/Desktop/hack reactor/FEC/FEC-Main/src/components/Overview/ExpandedView.jsx","statementMap":{"0":{"start":{"line":11,"column":30},"end":{"line":11,"column":51}},"1":{"start":{"line":12,"column":40},"end":{"line":12,"column":52}},"2":{"start":{"line":13,"column":40},"end":{"line":13,"column":55}},"3":{"start":{"line":14,"column":2},"end":{"line":16,"column":20}},"4":{"start":{"line":15,"column":4},"end":{"line":15,"column":27}},"5":{"start":{"line":17,"column":25},"end":{"line":24,"column":3}},"6":{"start":{"line":18,"column":4},"end":{"line":18,"column":23}},"7":{"start":{"line":19,"column":23},"end":{"line":21,"column":6}},"8":{"start":{"line":20,"column":6},"end":{"line":20,"column":42}},"9":{"start":{"line":22,"column":4},"end":{"line":22,"column":34}},"10":{"start":{"line":23,"column":4},"end":{"line":23,"column":32}},"11":{"start":{"line":26,"column":21},"end":{"line":36,"column":3}},"12":{"start":{"line":27,"column":4},"end":{"line":27,"column":23}},"13":{"start":{"line":28,"column":27},"end":{"line":28,"column":53}},"14":{"start":{"line":29,"column":4},"end":{"line":35,"column":5}},"15":{"start":{"line":30,"column":6},"end":{"line":30,"column":24}},"16":{"start":{"line":31,"column":6},"end":{"line":31,"column":37}},"17":{"start":{"line":33,"column":6},"end":{"line":33,"column":37}},"18":{"start":{"line":34,"column":6},"end":{"line":34,"column":50}},"19":{"start":{"line":38,"column":21},"end":{"line":49,"column":3}},"20":{"start":{"line":39,"column":4},"end":{"line":39,"column":26}},"21":{"start":{"line":40,"column":4},"end":{"line":40,"column":23}},"22":{"start":{"line":41,"column":27},"end":{"line":41,"column":53}},"23":{"start":{"line":42,"column":4},"end":{"line":48,"column":5}},"24":{"start":{"line":43,"column":6},"end":{"line":43,"column":45}},"25":{"start":{"line":44,"column":6},"end":{"line":44,"column":58}},"26":{"start":{"line":46,"column":6},"end":{"line":46,"column":37}},"27":{"start":{"line":47,"column":6},"end":{"line":47,"column":50}},"28":{"start":{"line":50,"column":20},"end":{"line":52,"column":3}},"29":{"start":{"line":51,"column":4},"end":{"line":51,"column":33}},"30":{"start":{"line":53,"column":2},"end":{"line":57,"column":3}},"31":{"start":{"line":54,"column":4},"end":{"line":56,"column":6}},"32":{"start":{"line":58,"column":2},"end":{"line":111,"column":4}},"33":{"start":{"line":69,"column":12},"end":{"line":79,"column":21}}},"fnMap":{"0":{"name":"ExpandedView","decl":{"start":{"line":8,"column":9},"end":{"line":8,"column":21}},"loc":{"start":{"line":10,"column":3},"end":{"line":112,"column":1}},"line":10},"1":{"name":"(anonymous_1)","decl":{"start":{"line":14,"column":12},"end":{"line":14,"column":13}},"loc":{"start":{"line":14,"column":18},"end":{"line":16,"column":3}},"line":14},"2":{"name":"(anonymous_2)","decl":{"start":{"line":17,"column":25},"end":{"line":17,"column":26}},"loc":{"start":{"line":17,"column":32},"end":{"line":24,"column":3}},"line":17},"3":{"name":"(anonymous_3)","decl":{"start":{"line":19,"column":42},"end":{"line":19,"column":43}},"loc":{"start":{"line":20,"column":6},"end":{"line":20,"column":42}},"line":20},"4":{"name":"(anonymous_4)","decl":{"start":{"line":26,"column":21},"end":{"line":26,"column":22}},"loc":{"start":{"line":26,"column":28},"end":{"line":36,"column":3}},"line":26},"5":{"name":"(anonymous_5)","decl":{"start":{"line":38,"column":21},"end":{"line":38,"column":22}},"loc":{"start":{"line":38,"column":28},"end":{"line":49,"column":3}},"line":38},"6":{"name":"(anonymous_6)","decl":{"start":{"line":50,"column":20},"end":{"line":50,"column":21}},"loc":{"start":{"line":50,"column":26},"end":{"line":52,"column":3}},"line":50},"7":{"name":"(anonymous_7)","decl":{"start":{"line":68,"column":22},"end":{"line":68,"column":23}},"loc":{"start":{"line":69,"column":12},"end":{"line":79,"column":21}},"line":69}},"branchMap":{"0":{"loc":{"start":{"line":29,"column":4},"end":{"line":35,"column":5}},"type":"if","locations":[{"start":{"line":29,"column":4},"end":{"line":35,"column":5}},{"start":{"line":32,"column":11},"end":{"line":35,"column":5}}],"line":29},"1":{"loc":{"start":{"line":42,"column":4},"end":{"line":48,"column":5}},"type":"if","locations":[{"start":{"line":42,"column":4},"end":{"line":48,"column":5}},{"start":{"line":45,"column":11},"end":{"line":48,"column":5}}],"line":42},"2":{"loc":{"start":{"line":53,"column":2},"end":{"line":57,"column":3}},"type":"if","locations":[{"start":{"line":53,"column":2},"end":{"line":57,"column":3}},{"start":{},"end":{}}],"line":53},"3":{"loc":{"start":{"line":73,"column":27},"end":{"line":75,"column":63}},"type":"cond-expr","locations":[{"start":{"line":74,"column":20},"end":{"line":74,"column":64}},{"start":{"line":75,"column":20},"end":{"line":75,"column":63}}],"line":73}},"s":{"0":0,"1":0,"2":0,"3":0,"4":0,"5":0,"6":0,"7":0,"8":0,"9":0,"10":0,"11":0,"12":0,"13":0,"14":0,"15":0,"16":0,"17":0,"18":0,"19":0,"20":0,"21":0,"22":0,"23":0,"24":0,"25":0,"26":0,"27":0,"28":0,"29":0,"30":0,"31":0,"32":0,"33":0},"f":{"0":0,"1":0,"2":0,"3":0,"4":0,"5":0,"6":0,"7":0},"b":{"0":[0,0],"1":[0,0],"2":[0,0],"3":[0,0]},"_coverageSchema":"1a1c01bbd47fc00a2c39e90264f33305004495a9","hash":"3262e41e60e75781c06124eac12f2b1c4f55e958"}
,"/Users/namnguyen/Desktop/hack reactor/FEC/FEC-Main/src/components/Overview/Features.jsx": {"path":"/Users/namnguyen/Desktop/hack reactor/FEC/FEC-Main/src/components/Overview/Features.jsx","statementMap":{"0":{"start":{"line":4,"column":2},"end":{"line":16,"column":4}},"1":{"start":{"line":7,"column":8},"end":{"line":13,"column":14}}},"fnMap":{"0":{"name":"Features","decl":{"start":{"line":3,"column":9},"end":{"line":3,"column":17}},"loc":{"start":{"line":3,"column":32},"end":{"line":17,"column":1}},"line":3},"1":{"name":"(anonymous_1)","decl":{"start":{"line":6,"column":20},"end":{"line":6,"column":21}},"loc":{"start":{"line":7,"column":8},"end":{"line":13,"column":14}},"line":7}},"branchMap":{},"s":{"0":2,"1":5},"f":{"0":2,"1":5},"b":{},"_coverageSchema":"1a1c01bbd47fc00a2c39e90264f33305004495a9","hash":"3a8153ededf2a6a545d185a123b319955524e9f1"}
,"/Users/namnguyen/Desktop/hack reactor/FEC/FEC-Main/src/components/Overview/Gallery.jsx": {"path":"/Users/namnguyen/Desktop/hack reactor/FEC/FEC-Main/src/components/Overview/Gallery.jsx","statementMap":{"0":{"start":{"line":10,"column":30},"end":{"line":10,"column":51}},"1":{"start":{"line":11,"column":40},"end":{"line":11,"column":52}},"2":{"start":{"line":12,"column":2},"end":{"line":14,"column":20}},"3":{"start":{"line":13,"column":4},"end":{"line":13,"column":27}},"4":{"start":{"line":15,"column":25},"end":{"line":22,"column":3}},"5":{"start":{"line":16,"column":4},"end":{"line":16,"column":23}},"6":{"start":{"line":17,"column":23},"end":{"line":19,"column":6}},"7":{"start":{"line":18,"column":6},"end":{"line":18,"column":42}},"8":{"start":{"line":20,"column":4},"end":{"line":20,"column":34}},"9":{"start":{"line":21,"column":4},"end":{"line":21,"column":32}},"10":{"start":{"line":24,"column":21},"end":{"line":34,"column":3}},"11":{"start":{"line":25,"column":4},"end":{"line":25,"column":23}},"12":{"start":{"line":26,"column":27},"end":{"line":26,"column":53}},"13":{"start":{"line":27,"column":4},"end":{"line":33,"column":5}},"14":{"start":{"line":28,"column":6},"end":{"line":28,"column":24}},"15":{"start":{"line":29,"column":6},"end":{"line":29,"column":37}},"16":{"start":{"line":31,"column":6},"end":{"line":31,"column":37}},"17":{"start":{"line":32,"column":6},"end":{"line":32,"column":50}},"18":{"start":{"line":36,"column":21},"end":{"line":46,"column":3}},"19":{"start":{"line":37,"column":4},"end":{"line":37,"column":23}},"20":{"start":{"line":38,"column":27},"end":{"line":38,"column":53}},"21":{"start":{"line":39,"column":4},"end":{"line":45,"column":5}},"22":{"start":{"line":40,"column":6},"end":{"line":40,"column":45}},"23":{"start":{"line":41,"column":6},"end":{"line":41,"column":58}},"24":{"start":{"line":43,"column":6},"end":{"line":43,"column":37}},"25":{"start":{"line":44,"column":6},"end":{"line":44,"column":50}},"26":{"start":{"line":47,"column":2},"end":{"line":100,"column":4}},"27":{"start":{"line":58,"column":12},"end":{"line":68,"column":21}}},"fnMap":{"0":{"name":"Gallery","decl":{"start":{"line":7,"column":9},"end":{"line":7,"column":16}},"loc":{"start":{"line":9,"column":3},"end":{"line":101,"column":1}},"line":9},"1":{"name":"(anonymous_1)","decl":{"start":{"line":12,"column":12},"end":{"line":12,"column":13}},"loc":{"start":{"line":12,"column":18},"end":{"line":14,"column":3}},"line":12},"2":{"name":"(anonymous_2)","decl":{"start":{"line":15,"column":25},"end":{"line":15,"column":26}},"loc":{"start":{"line":15,"column":32},"end":{"line":22,"column":3}},"line":15},"3":{"name":"(anonymous_3)","decl":{"start":{"line":17,"column":42},"end":{"line":17,"column":43}},"loc":{"start":{"line":18,"column":6},"end":{"line":18,"column":42}},"line":18},"4":{"name":"(anonymous_4)","decl":{"start":{"line":24,"column":21},"end":{"line":24,"column":22}},"loc":{"start":{"line":24,"column":28},"end":{"line":34,"column":3}},"line":24},"5":{"name":"(anonymous_5)","decl":{"start":{"line":36,"column":21},"end":{"line":36,"column":22}},"loc":{"start":{"line":36,"column":28},"end":{"line":46,"column":3}},"line":36},"6":{"name":"(anonymous_6)","decl":{"start":{"line":57,"column":22},"end":{"line":57,"column":23}},"loc":{"start":{"line":58,"column":12},"end":{"line":68,"column":21}},"line":58}},"branchMap":{"0":{"loc":{"start":{"line":27,"column":4},"end":{"line":33,"column":5}},"type":"if","locations":[{"start":{"line":27,"column":4},"end":{"line":33,"column":5}},{"start":{"line":30,"column":11},"end":{"line":33,"column":5}}],"line":27},"1":{"loc":{"start":{"line":39,"column":4},"end":{"line":45,"column":5}},"type":"if","locations":[{"start":{"line":39,"column":4},"end":{"line":45,"column":5}},{"start":{"line":42,"column":11},"end":{"line":45,"column":5}}],"line":39},"2":{"loc":{"start":{"line":62,"column":27},"end":{"line":64,"column":74}},"type":"cond-expr","locations":[{"start":{"line":63,"column":20},"end":{"line":63,"column":75}},{"start":{"line":64,"column":20},"end":{"line":64,"column":74}}],"line":62}},"s":{"0":11,"1":11,"2":11,"3":5,"4":11,"5":1,"6":1,"7":2,"8":1,"9":1,"10":11,"11":1,"12":1,"13":1,"14":0,"15":0,"16":1,"17":1,"18":11,"19":1,"20":1,"21":1,"22":1,"23":1,"24":0,"25":0,"26":11,"27":22},"f":{"0":11,"1":5,"2":1,"3":2,"4":1,"5":1,"6":22},"b":{"0":[0,1],"1":[1,0],"2":[22,0]},"_coverageSchema":"1a1c01bbd47fc00a2c39e90264f33305004495a9","hash":"fe28c60d0cd7ec6e0aa173475274deddc621c0b7"}
,"/Users/namnguyen/Desktop/hack reactor/FEC/FEC-Main/src/components/Overview/Overview.jsx": {"path":"/Users/namnguyen/Desktop/hack reactor/FEC/FEC-Main/src/components/Overview/Overview.jsx","statementMap":{"0":{"start":{"line":16,"column":30},"end":{"line":16,"column":49}},"1":{"start":{"line":19,"column":18},"end":{"line":19,"column":44}},"2":{"start":{"line":20,"column":2},"end":{"line":20,"column":43}},"3":{"start":{"line":21,"column":18},"end":{"line":21,"column":29}},"4":{"start":{"line":22,"column":15},"end":{"line":22,"column":30}},"5":{"start":{"line":23,"column":44},"end":{"line":23,"column":59}},"6":{"start":{"line":24,"column":30},"end":{"line":24,"column":42}},"7":{"start":{"line":25,"column":34},"end":{"line":25,"column":46}},"8":{"start":{"line":26,"column":42},"end":{"line":26,"column":54}},"9":{"start":{"line":27,"column":36},"end":{"line":27,"column":48}},"10":{"start":{"line":28,"column":32},"end":{"line":28,"column":43}},"11":{"start":{"line":29,"column":36},"end":{"line":29,"column":48}},"12":{"start":{"line":30,"column":36},"end":{"line":30,"column":48}},"13":{"start":{"line":31,"column":40},"end":{"line":31,"column":52}},"14":{"start":{"line":32,"column":30},"end":{"line":32,"column":41}},"15":{"start":{"line":33,"column":42},"end":{"line":33,"column":53}},"16":{"start":{"line":34,"column":38},"end":{"line":34,"column":52}},"17":{"start":{"line":36,"column":2},"end":{"line":48,"column":16}},"18":{"start":{"line":37,"column":4},"end":{"line":47,"column":9}},"19":{"start":{"line":41,"column":8},"end":{"line":41,"column":52}},"20":{"start":{"line":42,"column":8},"end":{"line":42,"column":31}},"21":{"start":{"line":43,"column":8},"end":{"line":43,"column":44}},"22":{"start":{"line":46,"column":8},"end":{"line":46,"column":52}},"23":{"start":{"line":50,"column":2},"end":{"line":69,"column":16}},"24":{"start":{"line":51,"column":4},"end":{"line":68,"column":9}},"25":{"start":{"line":55,"column":8},"end":{"line":55,"column":52}},"26":{"start":{"line":56,"column":8},"end":{"line":56,"column":41}},"27":{"start":{"line":57,"column":25},"end":{"line":57,"column":58}},"28":{"start":{"line":58,"column":8},"end":{"line":58,"column":29}},"29":{"start":{"line":59,"column":8},"end":{"line":59,"column":50}},"30":{"start":{"line":61,"column":8},"end":{"line":61,"column":52}},"31":{"start":{"line":62,"column":8},"end":{"line":62,"column":52}},"32":{"start":{"line":63,"column":8},"end":{"line":63,"column":61}},"33":{"start":{"line":64,"column":8},"end":{"line":64,"column":56}},"34":{"start":{"line":67,"column":8},"end":{"line":67,"column":56}},"35":{"start":{"line":71,"column":2},"end":{"line":89,"column":16}},"36":{"start":{"line":72,"column":4},"end":{"line":88,"column":9}},"37":{"start":{"line":81,"column":8},"end":{"line":81,"column":51}},"38":{"start":{"line":82,"column":26},"end":{"line":82,"column":63}},"39":{"start":{"line":83,"column":8},"end":{"line":83,"column":38}},"40":{"start":{"line":84,"column":8},"end":{"line":84,"column":32}},"41":{"start":{"line":87,"column":8},"end":{"line":87,"column":51}},"42":{"start":{"line":91,"column":22},"end":{"line":99,"column":3}},"43":{"start":{"line":92,"column":4},"end":{"line":92,"column":34}},"44":{"start":{"line":93,"column":21},"end":{"line":93,"column":83}},"45":{"start":{"line":93,"column":46},"end":{"line":93,"column":82}},"46":{"start":{"line":94,"column":4},"end":{"line":94,"column":35}},"47":{"start":{"line":95,"column":4},"end":{"line":95,"column":33}},"48":{"start":{"line":96,"column":4},"end":{"line":96,"column":44}},"49":{"start":{"line":97,"column":4},"end":{"line":97,"column":39}},"50":{"start":{"line":98,"column":4},"end":{"line":98,"column":35}},"51":{"start":{"line":100,"column":21},"end":{"line":102,"column":3}},"52":{"start":{"line":101,"column":4},"end":{"line":101,"column":29}},"53":{"start":{"line":103,"column":21},"end":{"line":105,"column":3}},"54":{"start":{"line":104,"column":4},"end":{"line":104,"column":31}},"55":{"start":{"line":106,"column":2},"end":{"line":108,"column":3}},"56":{"start":{"line":107,"column":4},"end":{"line":107,"column":40}},"57":{"start":{"line":110,"column":2},"end":{"line":129,"column":3}},"58":{"start":{"line":111,"column":4},"end":{"line":128,"column":6}},"59":{"start":{"line":130,"column":2},"end":{"line":173,"column":4}}},"fnMap":{"0":{"name":"Overview","decl":{"start":{"line":18,"column":9},"end":{"line":18,"column":17}},"loc":{"start":{"line":18,"column":20},"end":{"line":174,"column":1}},"line":18},"1":{"name":"(anonymous_1)","decl":{"start":{"line":36,"column":12},"end":{"line":36,"column":13}},"loc":{"start":{"line":36,"column":18},"end":{"line":48,"column":3}},"line":36},"2":{"name":"(anonymous_2)","decl":{"start":{"line":40,"column":12},"end":{"line":40,"column":13}},"loc":{"start":{"line":40,"column":26},"end":{"line":44,"column":7}},"line":40},"3":{"name":"(anonymous_3)","decl":{"start":{"line":45,"column":13},"end":{"line":45,"column":14}},"loc":{"start":{"line":45,"column":22},"end":{"line":47,"column":7}},"line":45},"4":{"name":"(anonymous_4)","decl":{"start":{"line":50,"column":12},"end":{"line":50,"column":13}},"loc":{"start":{"line":50,"column":18},"end":{"line":69,"column":3}},"line":50},"5":{"name":"(anonymous_5)","decl":{"start":{"line":54,"column":12},"end":{"line":54,"column":13}},"loc":{"start":{"line":54,"column":26},"end":{"line":65,"column":7}},"line":54},"6":{"name":"(anonymous_6)","decl":{"start":{"line":66,"column":13},"end":{"line":66,"column":14}},"loc":{"start":{"line":66,"column":22},"end":{"line":68,"column":7}},"line":66},"7":{"name":"(anonymous_7)","decl":{"start":{"line":71,"column":12},"end":{"line":71,"column":13}},"loc":{"start":{"line":71,"column":18},"end":{"line":89,"column":3}},"line":71},"8":{"name":"(anonymous_8)","decl":{"start":{"line":80,"column":12},"end":{"line":80,"column":13}},"loc":{"start":{"line":80,"column":25},"end":{"line":85,"column":7}},"line":80},"9":{"name":"(anonymous_9)","decl":{"start":{"line":86,"column":13},"end":{"line":86,"column":14}},"loc":{"start":{"line":86,"column":22},"end":{"line":88,"column":7}},"line":86},"10":{"name":"(anonymous_10)","decl":{"start":{"line":91,"column":22},"end":{"line":91,"column":23}},"loc":{"start":{"line":91,"column":37},"end":{"line":99,"column":3}},"line":91},"11":{"name":"(anonymous_11)","decl":{"start":{"line":93,"column":35},"end":{"line":93,"column":36}},"loc":{"start":{"line":93,"column":46},"end":{"line":93,"column":82}},"line":93},"12":{"name":"(anonymous_12)","decl":{"start":{"line":100,"column":21},"end":{"line":100,"column":22}},"loc":{"start":{"line":100,"column":37},"end":{"line":102,"column":3}},"line":100},"13":{"name":"(anonymous_13)","decl":{"start":{"line":103,"column":21},"end":{"line":103,"column":22}},"loc":{"start":{"line":103,"column":27},"end":{"line":105,"column":3}},"line":103}},"branchMap":{"0":{"loc":{"start":{"line":106,"column":2},"end":{"line":108,"column":3}},"type":"if","locations":[{"start":{"line":106,"column":2},"end":{"line":108,"column":3}},{"start":{},"end":{}}],"line":106},"1":{"loc":{"start":{"line":110,"column":2},"end":{"line":129,"column":3}},"type":"if","locations":[{"start":{"line":110,"column":2},"end":{"line":129,"column":3}},{"start":{},"end":{}}],"line":110}},"s":{"0":3,"1":2,"2":2,"3":2,"4":2,"5":2,"6":2,"7":2,"8":2,"9":2,"10":2,"11":2,"12":2,"13":2,"14":2,"15":2,"16":2,"17":2,"18":1,"19":1,"20":1,"21":1,"22":0,"23":2,"24":1,"25":1,"26":1,"27":1,"28":1,"29":1,"30":1,"31":1,"32":1,"33":1,"34":0,"35":2,"36":1,"37":1,"38":1,"39":1,"40":1,"41":0,"42":2,"43":0,"44":0,"45":0,"46":0,"47":0,"48":0,"49":0,"50":0,"51":2,"52":0,"53":2,"54":0,"55":2,"56":1,"57":1,"58":0,"59":1},"f":{"0":2,"1":1,"2":1,"3":0,"4":1,"5":1,"6":0,"7":1,"8":1,"9":0,"10":0,"11":0,"12":0,"13":0},"b":{"0":[1,1],"1":[0,1]},"_coverageSchema":"1a1c01bbd47fc00a2c39e90264f33305004495a9","hash":"76befbfce7691874d54628b1af83d8803b0f03a3"}
,"/Users/namnguyen/Desktop/hack reactor/FEC/FEC-Main/src/components/Overview/Price.jsx": {"path":"/Users/namnguyen/Desktop/hack reactor/FEC/FEC-Main/src/components/Overview/Price.jsx","statementMap":{"0":{"start":{"line":4,"column":2},"end":{"line":11,"column":3}},"1":{"start":{"line":5,"column":4},"end":{"line":10,"column":6}},"2":{"start":{"line":12,"column":2},"end":{"line":23,"column":4}}},"fnMap":{"0":{"name":"Price","decl":{"start":{"line":3,"column":9},"end":{"line":3,"column":14}},"loc":{"start":{"line":3,"column":33},"end":{"line":24,"column":1}},"line":3}},"branchMap":{"0":{"loc":{"start":{"line":4,"column":2},"end":{"line":11,"column":3}},"type":"if","locations":[{"start":{"line":4,"column":2},"end":{"line":11,"column":3}},{"start":{},"end":{}}],"line":4}},"s":{"0":2,"1":2,"2":0},"f":{"0":2},"b":{"0":[2,0]},"_coverageSchema":"1a1c01bbd47fc00a2c39e90264f33305004495a9","hash":"6c5dd49fda5cd5e88d4bd4ee1253cb5d280ce1f0"}
,"/Users/namnguyen/Desktop/hack reactor/FEC/FEC-Main/src/components/Overview/ProductInfo.jsx": {"path":"/Users/namnguyen/Desktop/hack reactor/FEC/FEC-Main/src/components/Overview/ProductInfo.jsx","statementMap":{"0":{"start":{"line":5,"column":2},"end":{"line":11,"column":4}}},"fnMap":{"0":{"name":"ProductInfo","decl":{"start":{"line":4,"column":9},"end":{"line":4,"column":20}},"loc":{"start":{"line":4,"column":55},"end":{"line":12,"column":1}},"line":4}},"branchMap":{},"s":{"0":2},"f":{"0":2},"b":{},"_coverageSchema":"1a1c01bbd47fc00a2c39e90264f33305004495a9","hash":"dfdc527fc26d6299322fe67762dc15fb46c4a7c8"}
,"/Users/namnguyen/Desktop/hack reactor/FEC/FEC-Main/src/components/Overview/ProductOverview.jsx": {"path":"/Users/namnguyen/Desktop/hack reactor/FEC/FEC-Main/src/components/Overview/ProductOverview.jsx","statementMap":{"0":{"start":{"line":4,"column":2},"end":{"line":9,"column":4}}},"fnMap":{"0":{"name":"ProductOverview","decl":{"start":{"line":3,"column":9},"end":{"line":3,"column":24}},"loc":{"start":{"line":3,"column":50},"end":{"line":10,"column":1}},"line":3}},"branchMap":{},"s":{"0":2},"f":{"0":2},"b":{},"_coverageSchema":"1a1c01bbd47fc00a2c39e90264f33305004495a9","hash":"2e797a7b549b53059db4f4dde05af28d6595bbcb"}
,"/Users/namnguyen/Desktop/hack reactor/FEC/FEC-Main/src/components/Overview/StyleSelector.jsx": {"path":"/Users/namnguyen/Desktop/hack reactor/FEC/FEC-Main/src/components/Overview/StyleSelector.jsx","statementMap":{"0":{"start":{"line":7,"column":21},"end":{"line":10,"column":3}},"1":{"start":{"line":8,"column":4},"end":{"line":8,"column":23}},"2":{"start":{"line":9,"column":4},"end":{"line":9,"column":29}},"3":{"start":{"line":11,"column":2},"end":{"line":42,"column":4}},"4":{"start":{"line":23,"column":25},"end":{"line":23,"column":59}},"5":{"start":{"line":24,"column":10},"end":{"line":38,"column":12}}},"fnMap":{"0":{"name":"StyleSelector","decl":{"start":{"line":6,"column":9},"end":{"line":6,"column":22}},"loc":{"start":{"line":6,"column":68},"end":{"line":43,"column":1}},"line":6},"1":{"name":"(anonymous_1)","decl":{"start":{"line":7,"column":21},"end":{"line":7,"column":22}},"loc":{"start":{"line":7,"column":28},"end":{"line":10,"column":3}},"line":7},"2":{"name":"(anonymous_2)","decl":{"start":{"line":22,"column":20},"end":{"line":22,"column":21}},"loc":{"start":{"line":22,"column":38},"end":{"line":39,"column":9}},"line":22}},"branchMap":{"0":{"loc":{"start":{"line":27,"column":17},"end":{"line":27,"column":185}},"type":"cond-expr","locations":[{"start":{"line":27,"column":48},"end":{"line":27,"column":178}},{"start":{"line":27,"column":181},"end":{"line":27,"column":185}}],"line":27}},"s":{"0":1,"1":0,"2":0,"3":1,"4":1,"5":1},"f":{"0":1,"1":0,"2":1},"b":{"0":[1,0]},"_coverageSchema":"1a1c01bbd47fc00a2c39e90264f33305004495a9","hash":"4fcf991b26efa7c0ceafc601ade3de18864d51cc"}
,"/Users/namnguyen/Desktop/hack reactor/FEC/FEC-Main/src/components/Overview/ZoomedImage.jsx": {"path":"/Users/namnguyen/Desktop/hack reactor/FEC/FEC-Main/src/components/Overview/ZoomedImage.jsx","statementMap":{"0":{"start":{"line":4,"column":33},"end":{"line":4,"column":48}},"1":{"start":{"line":5,"column":33},"end":{"line":5,"column":48}},"2":{"start":{"line":6,"column":21},"end":{"line":19,"column":3}},"3":{"start":{"line":7,"column":16},"end":{"line":7,"column":46}},"4":{"start":{"line":8,"column":19},"end":{"line":8,"column":46}},"5":{"start":{"line":9,"column":4},"end":{"line":9,"column":36}},"6":{"start":{"line":10,"column":19},"end":{"line":10,"column":28}},"7":{"start":{"line":11,"column":19},"end":{"line":11,"column":28}},"8":{"start":{"line":12,"column":14},"end":{"line":12,"column":37}},"9":{"start":{"line":13,"column":14},"end":{"line":13,"column":36}},"10":{"start":{"line":14,"column":4},"end":{"line":14,"column":26}},"11":{"start":{"line":17,"column":4},"end":{"line":17,"column":31}},"12":{"start":{"line":18,"column":4},"end":{"line":18,"column":22}},"13":{"start":{"line":21,"column":2},"end":{"line":35,"column":4}}},"fnMap":{"0":{"name":"ZoomedImage","decl":{"start":{"line":3,"column":9},"end":{"line":3,"column":20}},"loc":{"start":{"line":3,"column":47},"end":{"line":36,"column":1}},"line":3},"1":{"name":"(anonymous_1)","decl":{"start":{"line":6,"column":21},"end":{"line":6,"column":22}},"loc":{"start":{"line":6,"column":28},"end":{"line":19,"column":3}},"line":6}},"branchMap":{},"s":{"0":0,"1":0,"2":0,"3":0,"4":0,"5":0,"6":0,"7":0,"8":0,"9":0,"10":0,"11":0,"12":0,"13":0},"f":{"0":0,"1":0},"b":{},"_coverageSchema":"1a1c01bbd47fc00a2c39e90264f33305004495a9","hash":"18206021a78ddabf678e9c479faac692a79e5457"}
,"/Users/namnguyen/Desktop/hack reactor/FEC/FEC-Main/src/components/Overview/helpers.js": {"path":"/Users/namnguyen/Desktop/hack reactor/FEC/FEC-Main/src/components/Overview/helpers.js","statementMap":{"0":{"start":{"line":1,"column":0},"end":{"line":9,"column":2}},"1":{"start":{"line":3,"column":19},"end":{"line":3,"column":21}},"2":{"start":{"line":4,"column":4},"end":{"line":6,"column":5}},"3":{"start":{"line":4,"column":17},"end":{"line":4,"column":18}},"4":{"start":{"line":5,"column":6},"end":{"line":5,"column":21}},"5":{"start":{"line":7,"column":4},"end":{"line":7,"column":18}}},"fnMap":{"0":{"name":"(anonymous_0)","decl":{"start":{"line":2,"column":21},"end":{"line":2,"column":22}},"loc":{"start":{"line":2,"column":33},"end":{"line":8,"column":3}},"line":2}},"branchMap":{},"s":{"0":4,"1":0,"2":0,"3":0,"4":0,"5":0},"f":{"0":0},"b":{},"_coverageSchema":"1a1c01bbd47fc00a2c39e90264f33305004495a9","hash":"36de346fd2a7504473e93a52427c30f0729ad682"}
,"/Users/namnguyen/Desktop/hack reactor/FEC/FEC-Main/src/components/Overview/index.js": {"path":"/Users/namnguyen/Desktop/hack reactor/FEC/FEC-Main/src/components/Overview/index.js","statementMap":{},"fnMap":{},"branchMap":{},"s":{},"f":{},"b":{}}
}
