{"/Users/aidan/Programming/HackReactor/FEC/FEC-Main/src/components/App.jsx": {"path":"/Users/aidan/Programming/HackReactor/FEC/FEC-Main/src/components/App.jsx","statementMap":{"0":{"start":{"line":17,"column":32},"end":{"line":17,"column":44}},"1":{"start":{"line":19,"column":2},"end":{"line":32,"column":9}},"2":{"start":{"line":20,"column":4},"end":{"line":31,"column":9}},"3":{"start":{"line":27,"column":8},"end":{"line":27,"column":35}},"4":{"start":{"line":30,"column":8},"end":{"line":30,"column":54}},"5":{"start":{"line":34,"column":26},"end":{"line":48,"column":3}},"6":{"start":{"line":35,"column":4},"end":{"line":35,"column":19}},"7":{"start":{"line":36,"column":4},"end":{"line":47,"column":9}},"8":{"start":{"line":43,"column":8},"end":{"line":43,"column":32}},"9":{"start":{"line":46,"column":8},"end":{"line":46,"column":58}},"10":{"start":{"line":50,"column":2},"end":{"line":69,"column":4}}},"fnMap":{"0":{"name":"App","decl":{"start":{"line":16,"column":9},"end":{"line":16,"column":12}},"loc":{"start":{"line":16,"column":15},"end":{"line":70,"column":1}},"line":16},"1":{"name":"(anonymous_1)","decl":{"start":{"line":19,"column":12},"end":{"line":19,"column":13}},"loc":{"start":{"line":19,"column":18},"end":{"line":32,"column":3}},"line":19},"2":{"name":"(anonymous_2)","decl":{"start":{"line":26,"column":12},"end":{"line":26,"column":13}},"loc":{"start":{"line":26,"column":24},"end":{"line":28,"column":7}},"line":26},"3":{"name":"(anonymous_3)","decl":{"start":{"line":29,"column":13},"end":{"line":29,"column":14}},"loc":{"start":{"line":29,"column":22},"end":{"line":31,"column":7}},"line":29},"4":{"name":"(anonymous_4)","decl":{"start":{"line":34,"column":26},"end":{"line":34,"column":27}},"loc":{"start":{"line":34,"column":38},"end":{"line":48,"column":3}},"line":34},"5":{"name":"(anonymous_5)","decl":{"start":{"line":42,"column":12},"end":{"line":42,"column":13}},"loc":{"start":{"line":42,"column":24},"end":{"line":44,"column":7}},"line":42},"6":{"name":"(anonymous_6)","decl":{"start":{"line":45,"column":13},"end":{"line":45,"column":14}},"loc":{"start":{"line":45,"column":22},"end":{"line":47,"column":7}},"line":45}},"branchMap":{"0":{"loc":{"start":{"line":52,"column":7},"end":{"line":67,"column":9}},"type":"cond-expr","locations":[{"start":{"line":53,"column":10},"end":{"line":53,"column":21}},{"start":{"line":55,"column":10},"end":{"line":66,"column":16}}],"line":52}},"s":{"0":0,"1":0,"2":0,"3":0,"4":0,"5":0,"6":0,"7":0,"8":0,"9":0,"10":0},"f":{"0":0,"1":0,"2":0,"3":0,"4":0,"5":0,"6":0},"b":{"0":[0,0]}}
,"/Users/aidan/Programming/HackReactor/FEC/FEC-Main/src/components/Navigation.jsx": {"path":"/Users/aidan/Programming/HackReactor/FEC/FEC-Main/src/components/Navigation.jsx","statementMap":{"0":{"start":{"line":4,"column":2},"end":{"line":9,"column":4}}},"fnMap":{"0":{"name":"Navigation","decl":{"start":{"line":3,"column":9},"end":{"line":3,"column":19}},"loc":{"start":{"line":3,"column":22},"end":{"line":10,"column":1}},"line":3}},"branchMap":{},"s":{"0":0},"f":{"0":0},"b":{}}
,"/Users/aidan/Programming/HackReactor/FEC/FEC-Main/src/components/Overview/AddToCart.jsx": {"path":"/Users/aidan/Programming/HackReactor/FEC/FEC-Main/src/components/Overview/AddToCart.jsx","statementMap":{"0":{"start":{"line":5,"column":2},"end":{"line":5,"column":40}},"1":{"start":{"line":6,"column":40},"end":{"line":6,"column":52}},"2":{"start":{"line":7,"column":40},"end":{"line":7,"column":51}},"3":{"start":{"line":8,"column":48},"end":{"line":8,"column":59}},"4":{"start":{"line":9,"column":16},"end":{"line":9,"column":40}},"5":{"start":{"line":10,"column":36},"end":{"line":10,"column":47}},"6":{"start":{"line":12,"column":22},"end":{"line":18,"column":3}},"7":{"start":{"line":13,"column":4},"end":{"line":17,"column":6}},"8":{"start":{"line":14,"column":6},"end":{"line":16,"column":14}},"9":{"start":{"line":20,"column":26},"end":{"line":27,"column":3}},"10":{"start":{"line":21,"column":18},"end":{"line":21,"column":68}},"11":{"start":{"line":21,"column":41},"end":{"line":21,"column":67}},"12":{"start":{"line":22,"column":21},"end":{"line":22,"column":38}},"13":{"start":{"line":23,"column":16},"end":{"line":23,"column":43}},"14":{"start":{"line":24,"column":4},"end":{"line":26,"column":7}},"15":{"start":{"line":25,"column":6},"end":{"line":25,"column":147}},"16":{"start":{"line":29,"column":23},"end":{"line":35,"column":3}},"17":{"start":{"line":30,"column":4},"end":{"line":30,"column":23}},"18":{"start":{"line":31,"column":4},"end":{"line":31,"column":35}},"19":{"start":{"line":33,"column":18},"end":{"line":33,"column":72}},"20":{"start":{"line":33,"column":42},"end":{"line":33,"column":70}},"21":{"start":{"line":34,"column":4},"end":{"line":34,"column":38}},"22":{"start":{"line":37,"column":31},"end":{"line":40,"column":3}},"23":{"start":{"line":38,"column":4},"end":{"line":38,"column":23}},"24":{"start":{"line":39,"column":4},"end":{"line":39,"column":39}},"25":{"start":{"line":42,"column":26},"end":{"line":49,"column":3}},"26":{"start":{"line":43,"column":4},"end":{"line":43,"column":23}},"27":{"start":{"line":44,"column":4},"end":{"line":47,"column":5}},"28":{"start":{"line":45,"column":19},"end":{"line":45,"column":67}},"29":{"start":{"line":46,"column":6},"end":{"line":46,"column":37}},"30":{"start":{"line":48,"column":4},"end":{"line":48,"column":32}},"31":{"start":{"line":50,"column":2},"end":{"line":79,"column":4}}},"fnMap":{"0":{"name":"AddToCart","decl":{"start":{"line":4,"column":9},"end":{"line":4,"column":18}},"loc":{"start":{"line":4,"column":34},"end":{"line":80,"column":1}},"line":4},"1":{"name":"(anonymous_1)","decl":{"start":{"line":12,"column":22},"end":{"line":12,"column":23}},"loc":{"start":{"line":13,"column":4},"end":{"line":17,"column":6}},"line":13},"2":{"name":"(anonymous_2)","decl":{"start":{"line":13,"column":14},"end":{"line":13,"column":15}},"loc":{"start":{"line":14,"column":6},"end":{"line":16,"column":14}},"line":14},"3":{"name":"(anonymous_3)","decl":{"start":{"line":20,"column":26},"end":{"line":20,"column":27}},"loc":{"start":{"line":20,"column":40},"end":{"line":27,"column":3}},"line":20},"4":{"name":"(anonymous_4)","decl":{"start":{"line":21,"column":31},"end":{"line":21,"column":32}},"loc":{"start":{"line":21,"column":41},"end":{"line":21,"column":67}},"line":21},"5":{"name":"(anonymous_5)","decl":{"start":{"line":24,"column":19},"end":{"line":24,"column":20}},"loc":{"start":{"line":25,"column":6},"end":{"line":25,"column":147}},"line":25},"6":{"name":"(anonymous_6)","decl":{"start":{"line":29,"column":23},"end":{"line":29,"column":24}},"loc":{"start":{"line":29,"column":30},"end":{"line":35,"column":3}},"line":29},"7":{"name":"(anonymous_7)","decl":{"start":{"line":33,"column":31},"end":{"line":33,"column":32}},"loc":{"start":{"line":33,"column":42},"end":{"line":33,"column":70}},"line":33},"8":{"name":"(anonymous_8)","decl":{"start":{"line":37,"column":31},"end":{"line":37,"column":32}},"loc":{"start":{"line":37,"column":38},"end":{"line":40,"column":3}},"line":37},"9":{"name":"(anonymous_9)","decl":{"start":{"line":42,"column":26},"end":{"line":42,"column":27}},"loc":{"start":{"line":42,"column":33},"end":{"line":49,"column":3}},"line":42}},"branchMap":{"0":{"loc":{"start":{"line":14,"column":6},"end":{"line":16,"column":14}},"type":"cond-expr","locations":[{"start":{"line":15,"column":10},"end":{"line":15,"column":97}},{"start":{"line":16,"column":10},"end":{"line":16,"column":14}}],"line":14},"1":{"loc":{"start":{"line":44,"column":4},"end":{"line":47,"column":5}},"type":"if","locations":[{"start":{"line":44,"column":4},"end":{"line":47,"column":5}},{"start":{},"end":{}}],"line":44},"2":{"loc":{"start":{"line":44,"column":8},"end":{"line":44,"column":38}},"type":"binary-expr","locations":[{"start":{"line":44,"column":8},"end":{"line":44,"column":23}},{"start":{"line":44,"column":27},"end":{"line":44,"column":38}}],"line":44},"3":{"loc":{"start":{"line":57,"column":9},"end":{"line":59,"column":40}},"type":"cond-expr","locations":[{"start":{"line":58,"column":12},"end":{"line":58,"column":54}},{"start":{"line":59,"column":12},"end":{"line":59,"column":40}}],"line":57}},"s":{"0":6,"1":6,"2":6,"3":6,"4":6,"5":6,"6":6,"7":6,"8":27,"9":6,"10":0,"11":0,"12":0,"13":0,"14":0,"15":0,"16":6,"17":1,"18":1,"19":1,"20":5,"21":1,"22":6,"23":0,"24":0,"25":6,"26":1,"27":1,"28":0,"29":0,"30":1,"31":6},"f":{"0":6,"1":6,"2":27,"3":0,"4":0,"5":0,"6":1,"7":5,"8":0,"9":1},"b":{"0":[27,0],"1":[0,1],"2":[1,0],"3":[6,0]},"_coverageSchema":"1a1c01bbd47fc00a2c39e90264f33305004495a9","hash":"cf01daee5e270006cfe75ab65778a32888c7931c"}
,"/Users/aidan/Programming/HackReactor/FEC/FEC-Main/src/components/Overview/ExpandedView.jsx": {"path":"/Users/aidan/Programming/HackReactor/FEC/FEC-Main/src/components/Overview/ExpandedView.jsx","statementMap":{"0":{"start":{"line":11,"column":30},"end":{"line":11,"column":51}},"1":{"start":{"line":12,"column":40},"end":{"line":12,"column":52}},"2":{"start":{"line":13,"column":40},"end":{"line":13,"column":55}},"3":{"start":{"line":14,"column":2},"end":{"line":16,"column":20}},"4":{"start":{"line":15,"column":4},"end":{"line":15,"column":27}},"5":{"start":{"line":17,"column":25},"end":{"line":24,"column":3}},"6":{"start":{"line":18,"column":4},"end":{"line":18,"column":23}},"7":{"start":{"line":19,"column":23},"end":{"line":21,"column":6}},"8":{"start":{"line":20,"column":6},"end":{"line":20,"column":42}},"9":{"start":{"line":22,"column":4},"end":{"line":22,"column":34}},"10":{"start":{"line":23,"column":4},"end":{"line":23,"column":32}},"11":{"start":{"line":26,"column":21},"end":{"line":36,"column":3}},"12":{"start":{"line":27,"column":4},"end":{"line":27,"column":23}},"13":{"start":{"line":28,"column":27},"end":{"line":28,"column":53}},"14":{"start":{"line":29,"column":4},"end":{"line":35,"column":5}},"15":{"start":{"line":30,"column":6},"end":{"line":30,"column":24}},"16":{"start":{"line":31,"column":6},"end":{"line":31,"column":37}},"17":{"start":{"line":33,"column":6},"end":{"line":33,"column":37}},"18":{"start":{"line":34,"column":6},"end":{"line":34,"column":50}},"19":{"start":{"line":38,"column":21},"end":{"line":49,"column":3}},"20":{"start":{"line":39,"column":4},"end":{"line":39,"column":26}},"21":{"start":{"line":40,"column":4},"end":{"line":40,"column":23}},"22":{"start":{"line":41,"column":27},"end":{"line":41,"column":53}},"23":{"start":{"line":42,"column":4},"end":{"line":48,"column":5}},"24":{"start":{"line":43,"column":6},"end":{"line":43,"column":45}},"25":{"start":{"line":44,"column":6},"end":{"line":44,"column":58}},"26":{"start":{"line":46,"column":6},"end":{"line":46,"column":37}},"27":{"start":{"line":47,"column":6},"end":{"line":47,"column":50}},"28":{"start":{"line":50,"column":20},"end":{"line":52,"column":3}},"29":{"start":{"line":51,"column":4},"end":{"line":51,"column":33}},"30":{"start":{"line":58,"column":2},"end":{"line":111,"column":4}},"31":{"start":{"line":69,"column":12},"end":{"line":79,"column":21}}},"fnMap":{"0":{"name":"ExpandedView","decl":{"start":{"line":8,"column":9},"end":{"line":8,"column":21}},"loc":{"start":{"line":10,"column":3},"end":{"line":112,"column":1}},"line":10},"1":{"name":"(anonymous_1)","decl":{"start":{"line":14,"column":12},"end":{"line":14,"column":13}},"loc":{"start":{"line":14,"column":18},"end":{"line":16,"column":3}},"line":14},"2":{"name":"(anonymous_2)","decl":{"start":{"line":17,"column":25},"end":{"line":17,"column":26}},"loc":{"start":{"line":17,"column":32},"end":{"line":24,"column":3}},"line":17},"3":{"name":"(anonymous_3)","decl":{"start":{"line":19,"column":42},"end":{"line":19,"column":43}},"loc":{"start":{"line":20,"column":6},"end":{"line":20,"column":42}},"line":20},"4":{"name":"(anonymous_4)","decl":{"start":{"line":26,"column":21},"end":{"line":26,"column":22}},"loc":{"start":{"line":26,"column":28},"end":{"line":36,"column":3}},"line":26},"5":{"name":"(anonymous_5)","decl":{"start":{"line":38,"column":21},"end":{"line":38,"column":22}},"loc":{"start":{"line":38,"column":28},"end":{"line":49,"column":3}},"line":38},"6":{"name":"(anonymous_6)","decl":{"start":{"line":50,"column":20},"end":{"line":50,"column":21}},"loc":{"start":{"line":50,"column":26},"end":{"line":52,"column":3}},"line":50},"7":{"name":"(anonymous_7)","decl":{"start":{"line":68,"column":22},"end":{"line":68,"column":23}},"loc":{"start":{"line":69,"column":12},"end":{"line":79,"column":21}},"line":69}},"branchMap":{"0":{"loc":{"start":{"line":29,"column":4},"end":{"line":35,"column":5}},"type":"if","locations":[{"start":{"line":29,"column":4},"end":{"line":35,"column":5}},{"start":{"line":32,"column":11},"end":{"line":35,"column":5}}],"line":29},"1":{"loc":{"start":{"line":42,"column":4},"end":{"line":48,"column":5}},"type":"if","locations":[{"start":{"line":42,"column":4},"end":{"line":48,"column":5}},{"start":{"line":45,"column":11},"end":{"line":48,"column":5}}],"line":42},"2":{"loc":{"start":{"line":73,"column":27},"end":{"line":75,"column":63}},"type":"cond-expr","locations":[{"start":{"line":74,"column":20},"end":{"line":74,"column":64}},{"start":{"line":75,"column":20},"end":{"line":75,"column":63}}],"line":73}},"s":{"0":0,"1":0,"2":0,"3":0,"4":0,"5":0,"6":0,"7":0,"8":0,"9":0,"10":0,"11":0,"12":0,"13":0,"14":0,"15":0,"16":0,"17":0,"18":0,"19":0,"20":0,"21":0,"22":0,"23":0,"24":0,"25":0,"26":0,"27":0,"28":0,"29":0,"30":0,"31":0},"f":{"0":0,"1":0,"2":0,"3":0,"4":0,"5":0,"6":0,"7":0},"b":{"0":[0,0],"1":[0,0],"2":[0,0]},"_coverageSchema":"1a1c01bbd47fc00a2c39e90264f33305004495a9","hash":"5c4a5fe0978c9bfa0bf8fb8eb48130fe88bc635b"}
,"/Users/aidan/Programming/HackReactor/FEC/FEC-Main/src/components/Overview/Features.jsx": {"path":"/Users/aidan/Programming/HackReactor/FEC/FEC-Main/src/components/Overview/Features.jsx","statementMap":{"0":{"start":{"line":4,"column":2},"end":{"line":16,"column":4}},"1":{"start":{"line":7,"column":8},"end":{"line":13,"column":14}}},"fnMap":{"0":{"name":"Features","decl":{"start":{"line":3,"column":9},"end":{"line":3,"column":17}},"loc":{"start":{"line":3,"column":32},"end":{"line":17,"column":1}},"line":3},"1":{"name":"(anonymous_1)","decl":{"start":{"line":6,"column":20},"end":{"line":6,"column":21}},"loc":{"start":{"line":7,"column":8},"end":{"line":13,"column":14}},"line":7}},"branchMap":{},"s":{"0":2,"1":5},"f":{"0":2,"1":5},"b":{},"_coverageSchema":"1a1c01bbd47fc00a2c39e90264f33305004495a9","hash":"4ccc7f5e0c19843df7628a5341a39f9f3ac74e0d"}
,"/Users/aidan/Programming/HackReactor/FEC/FEC-Main/src/components/Overview/Gallery.jsx": {"path":"/Users/aidan/Programming/HackReactor/FEC/FEC-Main/src/components/Overview/Gallery.jsx","statementMap":{"0":{"start":{"line":10,"column":30},"end":{"line":10,"column":51}},"1":{"start":{"line":11,"column":40},"end":{"line":11,"column":52}},"2":{"start":{"line":12,"column":2},"end":{"line":14,"column":20}},"3":{"start":{"line":13,"column":4},"end":{"line":13,"column":27}},"4":{"start":{"line":15,"column":25},"end":{"line":22,"column":3}},"5":{"start":{"line":16,"column":4},"end":{"line":16,"column":23}},"6":{"start":{"line":17,"column":23},"end":{"line":19,"column":6}},"7":{"start":{"line":18,"column":6},"end":{"line":18,"column":42}},"8":{"start":{"line":20,"column":4},"end":{"line":20,"column":34}},"9":{"start":{"line":21,"column":4},"end":{"line":21,"column":32}},"10":{"start":{"line":24,"column":21},"end":{"line":34,"column":3}},"11":{"start":{"line":25,"column":4},"end":{"line":25,"column":23}},"12":{"start":{"line":26,"column":27},"end":{"line":26,"column":53}},"13":{"start":{"line":27,"column":4},"end":{"line":33,"column":5}},"14":{"start":{"line":28,"column":6},"end":{"line":28,"column":24}},"15":{"start":{"line":29,"column":6},"end":{"line":29,"column":37}},"16":{"start":{"line":31,"column":6},"end":{"line":31,"column":37}},"17":{"start":{"line":32,"column":6},"end":{"line":32,"column":50}},"18":{"start":{"line":36,"column":21},"end":{"line":46,"column":3}},"19":{"start":{"line":37,"column":4},"end":{"line":37,"column":23}},"20":{"start":{"line":38,"column":27},"end":{"line":38,"column":53}},"21":{"start":{"line":39,"column":4},"end":{"line":45,"column":5}},"22":{"start":{"line":40,"column":6},"end":{"line":40,"column":45}},"23":{"start":{"line":41,"column":6},"end":{"line":41,"column":58}},"24":{"start":{"line":43,"column":6},"end":{"line":43,"column":37}},"25":{"start":{"line":44,"column":6},"end":{"line":44,"column":50}},"26":{"start":{"line":47,"column":2},"end":{"line":100,"column":4}},"27":{"start":{"line":58,"column":12},"end":{"line":68,"column":21}}},"fnMap":{"0":{"name":"Gallery","decl":{"start":{"line":7,"column":9},"end":{"line":7,"column":16}},"loc":{"start":{"line":9,"column":3},"end":{"line":101,"column":1}},"line":9},"1":{"name":"(anonymous_1)","decl":{"start":{"line":12,"column":12},"end":{"line":12,"column":13}},"loc":{"start":{"line":12,"column":18},"end":{"line":14,"column":3}},"line":12},"2":{"name":"(anonymous_2)","decl":{"start":{"line":15,"column":25},"end":{"line":15,"column":26}},"loc":{"start":{"line":15,"column":32},"end":{"line":22,"column":3}},"line":15},"3":{"name":"(anonymous_3)","decl":{"start":{"line":17,"column":42},"end":{"line":17,"column":43}},"loc":{"start":{"line":18,"column":6},"end":{"line":18,"column":42}},"line":18},"4":{"name":"(anonymous_4)","decl":{"start":{"line":24,"column":21},"end":{"line":24,"column":22}},"loc":{"start":{"line":24,"column":28},"end":{"line":34,"column":3}},"line":24},"5":{"name":"(anonymous_5)","decl":{"start":{"line":36,"column":21},"end":{"line":36,"column":22}},"loc":{"start":{"line":36,"column":28},"end":{"line":46,"column":3}},"line":36},"6":{"name":"(anonymous_6)","decl":{"start":{"line":57,"column":22},"end":{"line":57,"column":23}},"loc":{"start":{"line":58,"column":12},"end":{"line":68,"column":21}},"line":58}},"branchMap":{"0":{"loc":{"start":{"line":27,"column":4},"end":{"line":33,"column":5}},"type":"if","locations":[{"start":{"line":27,"column":4},"end":{"line":33,"column":5}},{"start":{"line":30,"column":11},"end":{"line":33,"column":5}}],"line":27},"1":{"loc":{"start":{"line":39,"column":4},"end":{"line":45,"column":5}},"type":"if","locations":[{"start":{"line":39,"column":4},"end":{"line":45,"column":5}},{"start":{"line":42,"column":11},"end":{"line":45,"column":5}}],"line":39},"2":{"loc":{"start":{"line":62,"column":27},"end":{"line":64,"column":74}},"type":"cond-expr","locations":[{"start":{"line":63,"column":20},"end":{"line":63,"column":75}},{"start":{"line":64,"column":20},"end":{"line":64,"column":74}}],"line":62}},"s":{"0":11,"1":11,"2":11,"3":5,"4":11,"5":1,"6":1,"7":2,"8":1,"9":1,"10":11,"11":1,"12":1,"13":1,"14":0,"15":0,"16":1,"17":1,"18":11,"19":1,"20":1,"21":1,"22":1,"23":1,"24":0,"25":0,"26":11,"27":22},"f":{"0":11,"1":5,"2":1,"3":2,"4":1,"5":1,"6":22},"b":{"0":[0,1],"1":[1,0],"2":[22,0]},"_coverageSchema":"1a1c01bbd47fc00a2c39e90264f33305004495a9","hash":"d3b0979127ba0c7a83363ca71fc11b3f9f877c44"}
,"/Users/aidan/Programming/HackReactor/FEC/FEC-Main/src/components/Overview/Overview.jsx": {"path":"/Users/aidan/Programming/HackReactor/FEC/FEC-Main/src/components/Overview/Overview.jsx","statementMap":{"0":{"start":{"line":16,"column":30},"end":{"line":16,"column":49}},"1":{"start":{"line":19,"column":18},"end":{"line":19,"column":44}},"2":{"start":{"line":20,"column":2},"end":{"line":20,"column":43}},"3":{"start":{"line":21,"column":18},"end":{"line":21,"column":29}},"4":{"start":{"line":22,"column":15},"end":{"line":22,"column":30}},"5":{"start":{"line":23,"column":44},"end":{"line":23,"column":59}},"6":{"start":{"line":24,"column":30},"end":{"line":24,"column":42}},"7":{"start":{"line":25,"column":34},"end":{"line":25,"column":46}},"8":{"start":{"line":26,"column":42},"end":{"line":26,"column":54}},"9":{"start":{"line":27,"column":36},"end":{"line":27,"column":48}},"10":{"start":{"line":28,"column":32},"end":{"line":28,"column":43}},"11":{"start":{"line":29,"column":36},"end":{"line":29,"column":48}},"12":{"start":{"line":30,"column":36},"end":{"line":30,"column":48}},"13":{"start":{"line":31,"column":40},"end":{"line":31,"column":52}},"14":{"start":{"line":32,"column":30},"end":{"line":32,"column":41}},"15":{"start":{"line":33,"column":42},"end":{"line":33,"column":53}},"16":{"start":{"line":34,"column":38},"end":{"line":34,"column":52}},"17":{"start":{"line":36,"column":2},"end":{"line":48,"column":16}},"18":{"start":{"line":37,"column":4},"end":{"line":47,"column":9}},"19":{"start":{"line":41,"column":8},"end":{"line":41,"column":52}},"20":{"start":{"line":42,"column":8},"end":{"line":42,"column":31}},"21":{"start":{"line":43,"column":8},"end":{"line":43,"column":44}},"22":{"start":{"line":46,"column":8},"end":{"line":46,"column":52}},"23":{"start":{"line":50,"column":2},"end":{"line":69,"column":16}},"24":{"start":{"line":51,"column":4},"end":{"line":68,"column":9}},"25":{"start":{"line":55,"column":8},"end":{"line":55,"column":52}},"26":{"start":{"line":56,"column":8},"end":{"line":56,"column":41}},"27":{"start":{"line":57,"column":25},"end":{"line":57,"column":58}},"28":{"start":{"line":58,"column":8},"end":{"line":58,"column":29}},"29":{"start":{"line":59,"column":8},"end":{"line":59,"column":50}},"30":{"start":{"line":61,"column":8},"end":{"line":61,"column":52}},"31":{"start":{"line":62,"column":8},"end":{"line":62,"column":52}},"32":{"start":{"line":63,"column":8},"end":{"line":63,"column":61}},"33":{"start":{"line":64,"column":8},"end":{"line":64,"column":56}},"34":{"start":{"line":67,"column":8},"end":{"line":67,"column":56}},"35":{"start":{"line":71,"column":2},"end":{"line":89,"column":16}},"36":{"start":{"line":72,"column":4},"end":{"line":88,"column":9}},"37":{"start":{"line":81,"column":8},"end":{"line":81,"column":51}},"38":{"start":{"line":82,"column":26},"end":{"line":82,"column":63}},"39":{"start":{"line":83,"column":8},"end":{"line":83,"column":38}},"40":{"start":{"line":84,"column":8},"end":{"line":84,"column":32}},"41":{"start":{"line":87,"column":8},"end":{"line":87,"column":51}},"42":{"start":{"line":91,"column":22},"end":{"line":99,"column":3}},"43":{"start":{"line":92,"column":4},"end":{"line":92,"column":34}},"44":{"start":{"line":93,"column":21},"end":{"line":93,"column":83}},"45":{"start":{"line":93,"column":46},"end":{"line":93,"column":82}},"46":{"start":{"line":94,"column":4},"end":{"line":94,"column":35}},"47":{"start":{"line":95,"column":4},"end":{"line":95,"column":33}},"48":{"start":{"line":96,"column":4},"end":{"line":96,"column":44}},"49":{"start":{"line":97,"column":4},"end":{"line":97,"column":39}},"50":{"start":{"line":98,"column":4},"end":{"line":98,"column":35}},"51":{"start":{"line":100,"column":21},"end":{"line":102,"column":3}},"52":{"start":{"line":101,"column":4},"end":{"line":101,"column":29}},"53":{"start":{"line":103,"column":21},"end":{"line":105,"column":3}},"54":{"start":{"line":104,"column":4},"end":{"line":104,"column":31}},"55":{"start":{"line":106,"column":2},"end":{"line":108,"column":3}},"56":{"start":{"line":107,"column":4},"end":{"line":107,"column":40}},"57":{"start":{"line":110,"column":2},"end":{"line":129,"column":3}},"58":{"start":{"line":111,"column":4},"end":{"line":128,"column":6}},"59":{"start":{"line":130,"column":2},"end":{"line":173,"column":4}}},"fnMap":{"0":{"name":"Overview","decl":{"start":{"line":18,"column":9},"end":{"line":18,"column":17}},"loc":{"start":{"line":18,"column":20},"end":{"line":174,"column":1}},"line":18},"1":{"name":"(anonymous_1)","decl":{"start":{"line":36,"column":12},"end":{"line":36,"column":13}},"loc":{"start":{"line":36,"column":18},"end":{"line":48,"column":3}},"line":36},"2":{"name":"(anonymous_2)","decl":{"start":{"line":40,"column":12},"end":{"line":40,"column":13}},"loc":{"start":{"line":40,"column":26},"end":{"line":44,"column":7}},"line":40},"3":{"name":"(anonymous_3)","decl":{"start":{"line":45,"column":13},"end":{"line":45,"column":14}},"loc":{"start":{"line":45,"column":22},"end":{"line":47,"column":7}},"line":45},"4":{"name":"(anonymous_4)","decl":{"start":{"line":50,"column":12},"end":{"line":50,"column":13}},"loc":{"start":{"line":50,"column":18},"end":{"line":69,"column":3}},"line":50},"5":{"name":"(anonymous_5)","decl":{"start":{"line":54,"column":12},"end":{"line":54,"column":13}},"loc":{"start":{"line":54,"column":26},"end":{"line":65,"column":7}},"line":54},"6":{"name":"(anonymous_6)","decl":{"start":{"line":66,"column":13},"end":{"line":66,"column":14}},"loc":{"start":{"line":66,"column":22},"end":{"line":68,"column":7}},"line":66},"7":{"name":"(anonymous_7)","decl":{"start":{"line":71,"column":12},"end":{"line":71,"column":13}},"loc":{"start":{"line":71,"column":18},"end":{"line":89,"column":3}},"line":71},"8":{"name":"(anonymous_8)","decl":{"start":{"line":80,"column":12},"end":{"line":80,"column":13}},"loc":{"start":{"line":80,"column":25},"end":{"line":85,"column":7}},"line":80},"9":{"name":"(anonymous_9)","decl":{"start":{"line":86,"column":13},"end":{"line":86,"column":14}},"loc":{"start":{"line":86,"column":22},"end":{"line":88,"column":7}},"line":86},"10":{"name":"(anonymous_10)","decl":{"start":{"line":91,"column":22},"end":{"line":91,"column":23}},"loc":{"start":{"line":91,"column":37},"end":{"line":99,"column":3}},"line":91},"11":{"name":"(anonymous_11)","decl":{"start":{"line":93,"column":35},"end":{"line":93,"column":36}},"loc":{"start":{"line":93,"column":46},"end":{"line":93,"column":82}},"line":93},"12":{"name":"(anonymous_12)","decl":{"start":{"line":100,"column":21},"end":{"line":100,"column":22}},"loc":{"start":{"line":100,"column":37},"end":{"line":102,"column":3}},"line":100},"13":{"name":"(anonymous_13)","decl":{"start":{"line":103,"column":21},"end":{"line":103,"column":22}},"loc":{"start":{"line":103,"column":27},"end":{"line":105,"column":3}},"line":103}},"branchMap":{"0":{"loc":{"start":{"line":106,"column":2},"end":{"line":108,"column":3}},"type":"if","locations":[{"start":{"line":106,"column":2},"end":{"line":108,"column":3}},{"start":{},"end":{}}],"line":106},"1":{"loc":{"start":{"line":110,"column":2},"end":{"line":129,"column":3}},"type":"if","locations":[{"start":{"line":110,"column":2},"end":{"line":129,"column":3}},{"start":{},"end":{}}],"line":110}},"s":{"0":3,"1":2,"2":2,"3":2,"4":2,"5":2,"6":2,"7":2,"8":2,"9":2,"10":2,"11":2,"12":2,"13":2,"14":2,"15":2,"16":2,"17":2,"18":1,"19":1,"20":1,"21":1,"22":0,"23":2,"24":1,"25":1,"26":1,"27":1,"28":1,"29":1,"30":1,"31":1,"32":1,"33":1,"34":0,"35":2,"36":1,"37":1,"38":1,"39":1,"40":1,"41":0,"42":2,"43":0,"44":0,"45":0,"46":0,"47":0,"48":0,"49":0,"50":0,"51":2,"52":0,"53":2,"54":0,"55":2,"56":1,"57":1,"58":0,"59":1},"f":{"0":2,"1":1,"2":1,"3":0,"4":1,"5":1,"6":0,"7":1,"8":1,"9":0,"10":0,"11":0,"12":0,"13":0},"b":{"0":[1,1],"1":[0,1]},"_coverageSchema":"1a1c01bbd47fc00a2c39e90264f33305004495a9","hash":"c3db260828105e55325f6ff3f4ddb4268de70387"}
,"/Users/aidan/Programming/HackReactor/FEC/FEC-Main/src/components/Overview/Price.jsx": {"path":"/Users/aidan/Programming/HackReactor/FEC/FEC-Main/src/components/Overview/Price.jsx","statementMap":{"0":{"start":{"line":4,"column":2},"end":{"line":11,"column":3}},"1":{"start":{"line":5,"column":4},"end":{"line":10,"column":6}},"2":{"start":{"line":12,"column":2},"end":{"line":23,"column":4}}},"fnMap":{"0":{"name":"Price","decl":{"start":{"line":3,"column":9},"end":{"line":3,"column":14}},"loc":{"start":{"line":3,"column":33},"end":{"line":24,"column":1}},"line":3}},"branchMap":{"0":{"loc":{"start":{"line":4,"column":2},"end":{"line":11,"column":3}},"type":"if","locations":[{"start":{"line":4,"column":2},"end":{"line":11,"column":3}},{"start":{},"end":{}}],"line":4}},"s":{"0":2,"1":2,"2":0},"f":{"0":2},"b":{"0":[2,0]},"_coverageSchema":"1a1c01bbd47fc00a2c39e90264f33305004495a9","hash":"2ea6f3a292a8f4d56070e772286096ffe67f0ab8"}
,"/Users/aidan/Programming/HackReactor/FEC/FEC-Main/src/components/Overview/ProductInfo.jsx": {"path":"/Users/aidan/Programming/HackReactor/FEC/FEC-Main/src/components/Overview/ProductInfo.jsx","statementMap":{"0":{"start":{"line":5,"column":2},"end":{"line":11,"column":4}}},"fnMap":{"0":{"name":"ProductInfo","decl":{"start":{"line":4,"column":9},"end":{"line":4,"column":20}},"loc":{"start":{"line":4,"column":55},"end":{"line":12,"column":1}},"line":4}},"branchMap":{},"s":{"0":2},"f":{"0":2},"b":{},"_coverageSchema":"1a1c01bbd47fc00a2c39e90264f33305004495a9","hash":"96de85e489a6d10424716265e39ad76d4d425e7b"}
,"/Users/aidan/Programming/HackReactor/FEC/FEC-Main/src/components/Overview/ProductOverview.jsx": {"path":"/Users/aidan/Programming/HackReactor/FEC/FEC-Main/src/components/Overview/ProductOverview.jsx","statementMap":{"0":{"start":{"line":4,"column":2},"end":{"line":9,"column":4}}},"fnMap":{"0":{"name":"ProductOverview","decl":{"start":{"line":3,"column":9},"end":{"line":3,"column":24}},"loc":{"start":{"line":3,"column":50},"end":{"line":10,"column":1}},"line":3}},"branchMap":{},"s":{"0":1},"f":{"0":1},"b":{},"_coverageSchema":"1a1c01bbd47fc00a2c39e90264f33305004495a9","hash":"36d37136d6935e143626151ccc24b88c96e10ff2"}
,"/Users/aidan/Programming/HackReactor/FEC/FEC-Main/src/components/Overview/StyleSelector.jsx": {"path":"/Users/aidan/Programming/HackReactor/FEC/FEC-Main/src/components/Overview/StyleSelector.jsx","statementMap":{"0":{"start":{"line":7,"column":21},"end":{"line":10,"column":3}},"1":{"start":{"line":8,"column":4},"end":{"line":8,"column":23}},"2":{"start":{"line":9,"column":4},"end":{"line":9,"column":29}},"3":{"start":{"line":11,"column":2},"end":{"line":42,"column":4}},"4":{"start":{"line":23,"column":25},"end":{"line":23,"column":59}},"5":{"start":{"line":24,"column":10},"end":{"line":38,"column":12}}},"fnMap":{"0":{"name":"StyleSelector","decl":{"start":{"line":6,"column":9},"end":{"line":6,"column":22}},"loc":{"start":{"line":6,"column":68},"end":{"line":43,"column":1}},"line":6},"1":{"name":"(anonymous_1)","decl":{"start":{"line":7,"column":21},"end":{"line":7,"column":22}},"loc":{"start":{"line":7,"column":28},"end":{"line":10,"column":3}},"line":7},"2":{"name":"(anonymous_2)","decl":{"start":{"line":22,"column":20},"end":{"line":22,"column":21}},"loc":{"start":{"line":22,"column":38},"end":{"line":39,"column":9}},"line":22}},"branchMap":{"0":{"loc":{"start":{"line":27,"column":17},"end":{"line":27,"column":185}},"type":"cond-expr","locations":[{"start":{"line":27,"column":48},"end":{"line":27,"column":178}},{"start":{"line":27,"column":181},"end":{"line":27,"column":185}}],"line":27}},"s":{"0":1,"1":0,"2":0,"3":1,"4":1,"5":1},"f":{"0":1,"1":0,"2":1},"b":{"0":[1,0]},"_coverageSchema":"1a1c01bbd47fc00a2c39e90264f33305004495a9","hash":"812df39731006a68c64c169e7ff070839e87d18d"}
,"/Users/aidan/Programming/HackReactor/FEC/FEC-Main/src/components/Overview/ZoomedImage.jsx": {"path":"/Users/aidan/Programming/HackReactor/FEC/FEC-Main/src/components/Overview/ZoomedImage.jsx","statementMap":{"0":{"start":{"line":4,"column":33},"end":{"line":4,"column":48}},"1":{"start":{"line":5,"column":33},"end":{"line":5,"column":48}},"2":{"start":{"line":6,"column":21},"end":{"line":19,"column":3}},"3":{"start":{"line":7,"column":16},"end":{"line":7,"column":46}},"4":{"start":{"line":8,"column":19},"end":{"line":8,"column":46}},"5":{"start":{"line":9,"column":4},"end":{"line":9,"column":36}},"6":{"start":{"line":10,"column":19},"end":{"line":10,"column":28}},"7":{"start":{"line":11,"column":19},"end":{"line":11,"column":28}},"8":{"start":{"line":12,"column":14},"end":{"line":12,"column":37}},"9":{"start":{"line":13,"column":14},"end":{"line":13,"column":36}},"10":{"start":{"line":14,"column":4},"end":{"line":14,"column":26}},"11":{"start":{"line":17,"column":4},"end":{"line":17,"column":31}},"12":{"start":{"line":18,"column":4},"end":{"line":18,"column":22}},"13":{"start":{"line":21,"column":2},"end":{"line":35,"column":4}}},"fnMap":{"0":{"name":"ZoomedImage","decl":{"start":{"line":3,"column":9},"end":{"line":3,"column":20}},"loc":{"start":{"line":3,"column":47},"end":{"line":36,"column":1}},"line":3},"1":{"name":"(anonymous_1)","decl":{"start":{"line":6,"column":21},"end":{"line":6,"column":22}},"loc":{"start":{"line":6,"column":28},"end":{"line":19,"column":3}},"line":6}},"branchMap":{},"s":{"0":0,"1":0,"2":0,"3":0,"4":0,"5":0,"6":0,"7":0,"8":0,"9":0,"10":0,"11":0,"12":0,"13":0},"f":{"0":0,"1":0},"b":{},"_coverageSchema":"1a1c01bbd47fc00a2c39e90264f33305004495a9","hash":"5792a1ce22ac1722bdde602caa9fcc4163624440"}
,"/Users/aidan/Programming/HackReactor/FEC/FEC-Main/src/components/Overview/helpers.js": {"path":"/Users/aidan/Programming/HackReactor/FEC/FEC-Main/src/components/Overview/helpers.js","statementMap":{"0":{"start":{"line":1,"column":0},"end":{"line":9,"column":2}},"1":{"start":{"line":3,"column":19},"end":{"line":3,"column":21}},"2":{"start":{"line":4,"column":4},"end":{"line":6,"column":5}},"3":{"start":{"line":4,"column":17},"end":{"line":4,"column":18}},"4":{"start":{"line":5,"column":6},"end":{"line":5,"column":21}},"5":{"start":{"line":7,"column":4},"end":{"line":7,"column":18}}},"fnMap":{"0":{"name":"(anonymous_0)","decl":{"start":{"line":2,"column":21},"end":{"line":2,"column":22}},"loc":{"start":{"line":2,"column":33},"end":{"line":8,"column":3}},"line":2}},"branchMap":{},"s":{"0":4,"1":0,"2":0,"3":0,"4":0,"5":0},"f":{"0":0},"b":{},"_coverageSchema":"1a1c01bbd47fc00a2c39e90264f33305004495a9","hash":"627ea4a0cdce76191c1f8c7db7b8c36fbd3b9671"}
,"/Users/aidan/Programming/HackReactor/FEC/FEC-Main/src/components/QA/Home.jsx": {"path":"/Users/aidan/Programming/HackReactor/FEC/FEC-Main/src/components/QA/Home.jsx","statementMap":{"0":{"start":{"line":7,"column":18},"end":{"line":7,"column":44}},"1":{"start":{"line":8,"column":21},"end":{"line":8,"column":32}},"2":{"start":{"line":9,"column":19},"end":{"line":9,"column":37}},"3":{"start":{"line":12,"column":2},"end":{"line":16,"column":4}}},"fnMap":{"0":{"name":"Home","decl":{"start":{"line":6,"column":9},"end":{"line":6,"column":13}},"loc":{"start":{"line":6,"column":16},"end":{"line":17,"column":1}},"line":6}},"branchMap":{"0":{"loc":{"start":{"line":14,"column":7},"end":{"line":14,"column":75}},"type":"cond-expr","locations":[{"start":{"line":14,"column":22},"end":{"line":14,"column":43}},{"start":{"line":14,"column":46},"end":{"line":14,"column":75}}],"line":14}},"s":{"0":0,"1":0,"2":0,"3":0},"f":{"0":0},"b":{"0":[0,0]}}
,"/Users/aidan/Programming/HackReactor/FEC/FEC-Main/src/components/QA/Answers/AList.jsx": {"path":"/Users/aidan/Programming/HackReactor/FEC/FEC-Main/src/components/QA/Answers/AList.jsx","statementMap":{"0":{"start":{"line":6,"column":28},"end":{"line":6,"column":40}},"1":{"start":{"line":7,"column":24},"end":{"line":7,"column":35}},"2":{"start":{"line":8,"column":15},"end":{"line":8,"column":27}},"3":{"start":{"line":9,"column":19},"end":{"line":9,"column":38}},"4":{"start":{"line":11,"column":2},"end":{"line":15,"column":14}},"5":{"start":{"line":12,"column":21},"end":{"line":12,"column":49}},"6":{"start":{"line":13,"column":4},"end":{"line":13,"column":59}},"7":{"start":{"line":13,"column":28},"end":{"line":13,"column":57}},"8":{"start":{"line":14,"column":4},"end":{"line":14,"column":23}},"9":{"start":{"line":18,"column":4},"end":{"line":22,"column":5}},"10":{"start":{"line":19,"column":6},"end":{"line":19,"column":16}},"11":{"start":{"line":21,"column":6},"end":{"line":21,"column":19}},"12":{"start":{"line":25,"column":2},"end":{"line":37,"column":4}},"13":{"start":{"line":28,"column":8},"end":{"line":28,"column":51}}},"fnMap":{"0":{"name":"AList","decl":{"start":{"line":5,"column":9},"end":{"line":5,"column":14}},"loc":{"start":{"line":5,"column":26},"end":{"line":38,"column":1}},"line":5},"1":{"name":"(anonymous_1)","decl":{"start":{"line":11,"column":12},"end":{"line":11,"column":13}},"loc":{"start":{"line":11,"column":18},"end":{"line":15,"column":3}},"line":11},"2":{"name":"(anonymous_2)","decl":{"start":{"line":13,"column":18},"end":{"line":13,"column":19}},"loc":{"start":{"line":13,"column":28},"end":{"line":13,"column":57}},"line":13},"3":{"name":"handleMoreAnswersClick","decl":{"start":{"line":17,"column":11},"end":{"line":17,"column":33}},"loc":{"start":{"line":17,"column":36},"end":{"line":23,"column":3}},"line":17},"4":{"name":"(anonymous_4)","decl":{"start":{"line":27,"column":20},"end":{"line":27,"column":21}},"loc":{"start":{"line":28,"column":8},"end":{"line":28,"column":51}},"line":28}},"branchMap":{"0":{"loc":{"start":{"line":18,"column":4},"end":{"line":22,"column":5}},"type":"if","locations":[{"start":{"line":18,"column":4},"end":{"line":22,"column":5}},{"start":{"line":20,"column":11},"end":{"line":22,"column":5}}],"line":18},"1":{"loc":{"start":{"line":34,"column":9},"end":{"line":34,"column":253}},"type":"cond-expr","locations":[{"start":{"line":34,"column":22},"end":{"line":34,"column":246}},{"start":{"line":34,"column":249},"end":{"line":34,"column":253}}],"line":34},"2":{"loc":{"start":{"line":34,"column":184},"end":{"line":34,"column":236}},"type":"cond-expr","locations":[{"start":{"line":34,"column":197},"end":{"line":34,"column":215}},{"start":{"line":34,"column":218},"end":{"line":34,"column":236}}],"line":34}},"s":{"0":0,"1":0,"2":0,"3":0,"4":0,"5":0,"6":0,"7":0,"8":0,"9":0,"10":0,"11":0,"12":0,"13":0},"f":{"0":0,"1":0,"2":0,"3":0,"4":0},"b":{"0":[0,0],"1":[0,0],"2":[0,0]}}
,"/Users/aidan/Programming/HackReactor/FEC/FEC-Main/src/components/QA/Answers/AListEntry.jsx": {"path":"/Users/aidan/Programming/HackReactor/FEC/FEC-Main/src/components/QA/Answers/AListEntry.jsx","statementMap":{"0":{"start":{"line":7,"column":34},"end":{"line":7,"column":61}},"1":{"start":{"line":8,"column":38},"end":{"line":8,"column":53}},"2":{"start":{"line":9,"column":46},"end":{"line":9,"column":61}},"3":{"start":{"line":18,"column":4},"end":{"line":22,"column":7}},"4":{"start":{"line":26,"column":4},"end":{"line":30,"column":5}},"5":{"start":{"line":27,"column":6},"end":{"line":27,"column":44}},"6":{"start":{"line":28,"column":6},"end":{"line":28,"column":40}},"7":{"start":{"line":28,"column":29},"end":{"line":28,"column":38}},"8":{"start":{"line":29,"column":6},"end":{"line":29,"column":30}},"9":{"start":{"line":34,"column":22},"end":{"line":34,"column":34}},"10":{"start":{"line":35,"column":4},"end":{"line":39,"column":5}},"11":{"start":{"line":36,"column":6},"end":{"line":38,"column":9}},"12":{"start":{"line":37,"column":8},"end":{"line":37,"column":82}},"13":{"start":{"line":40,"column":4},"end":{"line":40,"column":16}},"14":{"start":{"line":44,"column":20},"end":{"line":44,"column":39}},"15":{"start":{"line":45,"column":4},"end":{"line":52,"column":5}},"16":{"start":{"line":46,"column":6},"end":{"line":51,"column":8}},"17":{"start":{"line":53,"column":4},"end":{"line":53,"column":41}},"18":{"start":{"line":57,"column":4},"end":{"line":57,"column":24}},"19":{"start":{"line":60,"column":2},"end":{"line":85,"column":4}}},"fnMap":{"0":{"name":"AListEntry","decl":{"start":{"line":6,"column":9},"end":{"line":6,"column":19}},"loc":{"start":{"line":6,"column":31},"end":{"line":86,"column":1}},"line":6},"1":{"name":"axPutA","decl":{"start":{"line":17,"column":11},"end":{"line":17,"column":17}},"loc":{"start":{"line":17,"column":24},"end":{"line":23,"column":3}},"line":17},"2":{"name":"handleAHelpfulClick","decl":{"start":{"line":25,"column":11},"end":{"line":25,"column":30}},"loc":{"start":{"line":25,"column":33},"end":{"line":31,"column":3}},"line":25},"3":{"name":"(anonymous_3)","decl":{"start":{"line":28,"column":18},"end":{"line":28,"column":19}},"loc":{"start":{"line":28,"column":29},"end":{"line":28,"column":38}},"line":28},"4":{"name":"renderImages","decl":{"start":{"line":33,"column":11},"end":{"line":33,"column":23}},"loc":{"start":{"line":33,"column":26},"end":{"line":41,"column":3}},"line":33},"5":{"name":"(anonymous_5)","decl":{"start":{"line":36,"column":27},"end":{"line":36,"column":28}},"loc":{"start":{"line":37,"column":8},"end":{"line":37,"column":82}},"line":37},"6":{"name":"renderSeller","decl":{"start":{"line":43,"column":11},"end":{"line":43,"column":23}},"loc":{"start":{"line":43,"column":26},"end":{"line":54,"column":3}},"line":43},"7":{"name":"handleReportClick","decl":{"start":{"line":56,"column":11},"end":{"line":56,"column":28}},"loc":{"start":{"line":56,"column":31},"end":{"line":58,"column":3}},"line":56}},"branchMap":{"0":{"loc":{"start":{"line":26,"column":4},"end":{"line":30,"column":5}},"type":"if","locations":[{"start":{"line":26,"column":4},"end":{"line":30,"column":5}},{"start":{},"end":{}}],"line":26},"1":{"loc":{"start":{"line":35,"column":4},"end":{"line":39,"column":5}},"type":"if","locations":[{"start":{"line":35,"column":4},"end":{"line":39,"column":5}},{"start":{},"end":{}}],"line":35},"2":{"loc":{"start":{"line":45,"column":4},"end":{"line":52,"column":5}},"type":"if","locations":[{"start":{"line":45,"column":4},"end":{"line":52,"column":5}},{"start":{},"end":{}}],"line":45},"3":{"loc":{"start":{"line":81,"column":101},"end":{"line":81,"column":135}},"type":"cond-expr","locations":[{"start":{"line":81,"column":114},"end":{"line":81,"column":124}},{"start":{"line":81,"column":127},"end":{"line":81,"column":135}}],"line":81}},"s":{"0":3,"1":3,"2":3,"3":1,"4":1,"5":1,"6":1,"7":1,"8":1,"9":3,"10":3,"11":0,"12":0,"13":3,"14":3,"15":3,"16":3,"17":0,"18":0,"19":3},"f":{"0":3,"1":1,"2":1,"3":1,"4":3,"5":0,"6":3,"7":0},"b":{"0":[1,0],"1":[0,3],"2":[3,0],"3":[0,3]},"_coverageSchema":"1a1c01bbd47fc00a2c39e90264f33305004495a9","hash":"37ef361d243049c7723c98bcec1aad591c6755e9"}
,"/Users/aidan/Programming/HackReactor/FEC/FEC-Main/src/components/QA/Modals/AModal.jsx": {"path":"/Users/aidan/Programming/HackReactor/FEC/FEC-Main/src/components/QA/Modals/AModal.jsx","statementMap":{"0":{"start":{"line":6,"column":26},"end":{"line":6,"column":38}},"1":{"start":{"line":7,"column":26},"end":{"line":7,"column":38}},"2":{"start":{"line":8,"column":28},"end":{"line":8,"column":40}},"3":{"start":{"line":9,"column":42},"end":{"line":9,"column":54}},"4":{"start":{"line":12,"column":4},"end":{"line":12,"column":23}},"5":{"start":{"line":14,"column":4},"end":{"line":22,"column":5}},"6":{"start":{"line":15,"column":6},"end":{"line":17,"column":9}},"7":{"start":{"line":18,"column":6},"end":{"line":18,"column":22}},"8":{"start":{"line":21,"column":6},"end":{"line":21,"column":51}},"9":{"start":{"line":27,"column":17},"end":{"line":27,"column":34}},"10":{"start":{"line":28,"column":22},"end":{"line":28,"column":39}},"11":{"start":{"line":30,"column":19},"end":{"line":30,"column":35}},"12":{"start":{"line":31,"column":4},"end":{"line":38,"column":6}},"13":{"start":{"line":32,"column":6},"end":{"line":37,"column":9}},"14":{"start":{"line":33,"column":8},"end":{"line":35,"column":9}},"15":{"start":{"line":33,"column":43},"end":{"line":33,"column":70}},"16":{"start":{"line":34,"column":10},"end":{"line":34,"column":60}},"17":{"start":{"line":36,"column":8},"end":{"line":36,"column":25}},"18":{"start":{"line":40,"column":4},"end":{"line":42,"column":5}},"19":{"start":{"line":41,"column":6},"end":{"line":41,"column":33}},"20":{"start":{"line":45,"column":2},"end":{"line":106,"column":4}},"21":{"start":{"line":57,"column":166},"end":{"line":57,"column":189}},"22":{"start":{"line":64,"column":205},"end":{"line":64,"column":228}},"23":{"start":{"line":72,"column":209},"end":{"line":72,"column":233}},"24":{"start":{"line":96,"column":54},"end":{"line":96,"column":147}},"25":{"start":{"line":101,"column":165},"end":{"line":101,"column":180}}},"fnMap":{"0":{"name":"AModal","decl":{"start":{"line":3,"column":9},"end":{"line":3,"column":15}},"loc":{"start":{"line":5,"column":3},"end":{"line":107,"column":1}},"line":5},"1":{"name":"handleAModalClick","decl":{"start":{"line":11,"column":11},"end":{"line":11,"column":28}},"loc":{"start":{"line":11,"column":32},"end":{"line":23,"column":3}},"line":11},"2":{"name":"handleUploadClick","decl":{"start":{"line":26,"column":11},"end":{"line":26,"column":28}},"loc":{"start":{"line":26,"column":32},"end":{"line":43,"column":3}},"line":26},"3":{"name":"(anonymous_3)","decl":{"start":{"line":31,"column":23},"end":{"line":31,"column":24}},"loc":{"start":{"line":31,"column":29},"end":{"line":38,"column":5}},"line":31},"4":{"name":"(anonymous_4)","decl":{"start":{"line":32,"column":22},"end":{"line":32,"column":23}},"loc":{"start":{"line":32,"column":32},"end":{"line":37,"column":7}},"line":32},"5":{"name":"(anonymous_5)","decl":{"start":{"line":33,"column":32},"end":{"line":33,"column":33}},"loc":{"start":{"line":33,"column":43},"end":{"line":33,"column":70}},"line":33},"6":{"name":"(anonymous_6)","decl":{"start":{"line":57,"column":159},"end":{"line":57,"column":160}},"loc":{"start":{"line":57,"column":166},"end":{"line":57,"column":189}},"line":57},"7":{"name":"(anonymous_7)","decl":{"start":{"line":64,"column":198},"end":{"line":64,"column":199}},"loc":{"start":{"line":64,"column":205},"end":{"line":64,"column":228}},"line":64},"8":{"name":"(anonymous_8)","decl":{"start":{"line":72,"column":202},"end":{"line":72,"column":203}},"loc":{"start":{"line":72,"column":209},"end":{"line":72,"column":233}},"line":72},"9":{"name":"(anonymous_9)","decl":{"start":{"line":96,"column":32},"end":{"line":96,"column":33}},"loc":{"start":{"line":96,"column":54},"end":{"line":96,"column":147}},"line":96},"10":{"name":"(anonymous_10)","decl":{"start":{"line":101,"column":159},"end":{"line":101,"column":160}},"loc":{"start":{"line":101,"column":165},"end":{"line":101,"column":180}},"line":101}},"branchMap":{"0":{"loc":{"start":{"line":14,"column":4},"end":{"line":22,"column":5}},"type":"if","locations":[{"start":{"line":14,"column":4},"end":{"line":22,"column":5}},{"start":{"line":19,"column":11},"end":{"line":22,"column":5}}],"line":14},"1":{"loc":{"start":{"line":14,"column":8},"end":{"line":14,"column":29}},"type":"binary-expr","locations":[{"start":{"line":14,"column":8},"end":{"line":14,"column":12}},{"start":{"line":14,"column":16},"end":{"line":14,"column":20}},{"start":{"line":14,"column":24},"end":{"line":14,"column":29}}],"line":14},"2":{"loc":{"start":{"line":33,"column":8},"end":{"line":35,"column":9}},"type":"if","locations":[{"start":{"line":33,"column":8},"end":{"line":35,"column":9}},{"start":{},"end":{}}],"line":33},"3":{"loc":{"start":{"line":40,"column":4},"end":{"line":42,"column":5}},"type":"if","locations":[{"start":{"line":40,"column":4},"end":{"line":42,"column":5}},{"start":{},"end":{}}],"line":40},"4":{"loc":{"start":{"line":80,"column":13},"end":{"line":93,"column":13}},"type":"binary-expr","locations":[{"start":{"line":80,"column":13},"end":{"line":80,"column":36}},{"start":{"line":81,"column":14},"end":{"line":92,"column":16}}],"line":80}},"s":{"0":0,"1":0,"2":0,"3":0,"4":0,"5":0,"6":0,"7":0,"8":0,"9":0,"10":0,"11":0,"12":0,"13":0,"14":0,"15":0,"16":0,"17":0,"18":0,"19":0,"20":0,"21":0,"22":0,"23":0,"24":0,"25":0},"f":{"0":0,"1":0,"2":0,"3":0,"4":0,"5":0,"6":0,"7":0,"8":0,"9":0,"10":0},"b":{"0":[0,0],"1":[0,0,0],"2":[0,0],"3":[0,0],"4":[0,0]}}
,"/Users/aidan/Programming/HackReactor/FEC/FEC-Main/src/components/QA/Modals/QModal.jsx": {"path":"/Users/aidan/Programming/HackReactor/FEC/FEC-Main/src/components/QA/Modals/QModal.jsx","statementMap":{"0":{"start":{"line":4,"column":26},"end":{"line":4,"column":38}},"1":{"start":{"line":5,"column":26},"end":{"line":5,"column":38}},"2":{"start":{"line":6,"column":28},"end":{"line":6,"column":40}},"3":{"start":{"line":9,"column":4},"end":{"line":9,"column":23}},"4":{"start":{"line":11,"column":4},"end":{"line":19,"column":5}},"5":{"start":{"line":12,"column":6},"end":{"line":17,"column":9}},"6":{"start":{"line":18,"column":6},"end":{"line":18,"column":27}},"7":{"start":{"line":22,"column":2},"end":{"line":55,"column":4}},"8":{"start":{"line":28,"column":166},"end":{"line":28,"column":189}},"9":{"start":{"line":35,"column":205},"end":{"line":35,"column":228}},"10":{"start":{"line":43,"column":209},"end":{"line":43,"column":233}},"11":{"start":{"line":50,"column":159},"end":{"line":50,"column":179}}},"fnMap":{"0":{"name":"QModal","decl":{"start":{"line":3,"column":9},"end":{"line":3,"column":15}},"loc":{"start":{"line":3,"column":53},"end":{"line":56,"column":1}},"line":3},"1":{"name":"handleQModalClick","decl":{"start":{"line":8,"column":11},"end":{"line":8,"column":28}},"loc":{"start":{"line":8,"column":32},"end":{"line":20,"column":3}},"line":8},"2":{"name":"(anonymous_2)","decl":{"start":{"line":28,"column":159},"end":{"line":28,"column":160}},"loc":{"start":{"line":28,"column":166},"end":{"line":28,"column":189}},"line":28},"3":{"name":"(anonymous_3)","decl":{"start":{"line":35,"column":198},"end":{"line":35,"column":199}},"loc":{"start":{"line":35,"column":205},"end":{"line":35,"column":228}},"line":35},"4":{"name":"(anonymous_4)","decl":{"start":{"line":43,"column":202},"end":{"line":43,"column":203}},"loc":{"start":{"line":43,"column":209},"end":{"line":43,"column":233}},"line":43},"5":{"name":"(anonymous_5)","decl":{"start":{"line":50,"column":153},"end":{"line":50,"column":154}},"loc":{"start":{"line":50,"column":159},"end":{"line":50,"column":179}},"line":50}},"branchMap":{"0":{"loc":{"start":{"line":11,"column":4},"end":{"line":19,"column":5}},"type":"if","locations":[{"start":{"line":11,"column":4},"end":{"line":19,"column":5}},{"start":{},"end":{}}],"line":11},"1":{"loc":{"start":{"line":11,"column":8},"end":{"line":11,"column":29}},"type":"binary-expr","locations":[{"start":{"line":11,"column":8},"end":{"line":11,"column":12}},{"start":{"line":11,"column":16},"end":{"line":11,"column":20}},{"start":{"line":11,"column":24},"end":{"line":11,"column":29}}],"line":11}},"s":{"0":0,"1":0,"2":0,"3":0,"4":0,"5":0,"6":0,"7":0,"8":0,"9":0,"10":0,"11":0},"f":{"0":0,"1":0,"2":0,"3":0,"4":0,"5":0},"b":{"0":[0,0],"1":[0,0,0]}}
,"/Users/aidan/Programming/HackReactor/FEC/FEC-Main/src/components/QA/Questions/QList.jsx": {"path":"/Users/aidan/Programming/HackReactor/FEC/FEC-Main/src/components/QA/Questions/QList.jsx","statementMap":{"0":{"start":{"line":10,"column":34},"end":{"line":10,"column":46}},"1":{"start":{"line":11,"column":38},"end":{"line":11,"column":53}},"2":{"start":{"line":12,"column":26},"end":{"line":12,"column":37}},"3":{"start":{"line":13,"column":40},"end":{"line":13,"column":52}},"4":{"start":{"line":14,"column":34},"end":{"line":14,"column":49}},"5":{"start":{"line":15,"column":19},"end":{"line":15,"column":42}},"6":{"start":{"line":16,"column":16},"end":{"line":16,"column":31}},"7":{"start":{"line":19,"column":4},"end":{"line":31,"column":9}},"8":{"start":{"line":25,"column":8},"end":{"line":25,"column":43}},"9":{"start":{"line":26,"column":27},"end":{"line":26,"column":94}},"10":{"start":{"line":26,"column":64},"end":{"line":26,"column":93}},"11":{"start":{"line":27,"column":8},"end":{"line":27,"column":32}},"12":{"start":{"line":30,"column":8},"end":{"line":30,"column":54}},"13":{"start":{"line":34,"column":2},"end":{"line":36,"column":9}},"14":{"start":{"line":35,"column":4},"end":{"line":35,"column":12}},"15":{"start":{"line":39,"column":4},"end":{"line":47,"column":9}},"16":{"start":{"line":45,"column":8},"end":{"line":45,"column":37}},"17":{"start":{"line":46,"column":8},"end":{"line":46,"column":16}},"18":{"start":{"line":51,"column":4},"end":{"line":51,"column":34}},"19":{"start":{"line":51,"column":23},"end":{"line":51,"column":32}},"20":{"start":{"line":55,"column":21},"end":{"line":55,"column":82}},"21":{"start":{"line":55,"column":44},"end":{"line":55,"column":81}},"22":{"start":{"line":56,"column":4},"end":{"line":60,"column":5}},"23":{"start":{"line":57,"column":6},"end":{"line":59,"column":9}},"24":{"start":{"line":58,"column":8},"end":{"line":58,"column":94}},"25":{"start":{"line":64,"column":4},"end":{"line":66,"column":7}},"26":{"start":{"line":65,"column":6},"end":{"line":65,"column":92}},"27":{"start":{"line":69,"column":2},"end":{"line":96,"column":4}},"28":{"start":{"line":85,"column":157},"end":{"line":85,"column":176}}},"fnMap":{"0":{"name":"QList","decl":{"start":{"line":9,"column":9},"end":{"line":9,"column":14}},"loc":{"start":{"line":9,"column":29},"end":{"line":97,"column":1}},"line":9},"1":{"name":"axGet","decl":{"start":{"line":18,"column":11},"end":{"line":18,"column":16}},"loc":{"start":{"line":18,"column":19},"end":{"line":32,"column":3}},"line":18},"2":{"name":"(anonymous_2)","decl":{"start":{"line":24,"column":12},"end":{"line":24,"column":13}},"loc":{"start":{"line":24,"column":26},"end":{"line":28,"column":7}},"line":24},"3":{"name":"(anonymous_3)","decl":{"start":{"line":26,"column":54},"end":{"line":26,"column":55}},"loc":{"start":{"line":26,"column":64},"end":{"line":26,"column":93}},"line":26},"4":{"name":"(anonymous_4)","decl":{"start":{"line":29,"column":13},"end":{"line":29,"column":14}},"loc":{"start":{"line":29,"column":22},"end":{"line":31,"column":7}},"line":29},"5":{"name":"(anonymous_5)","decl":{"start":{"line":34,"column":12},"end":{"line":34,"column":13}},"loc":{"start":{"line":34,"column":18},"end":{"line":36,"column":3}},"line":34},"6":{"name":"axPost","decl":{"start":{"line":38,"column":11},"end":{"line":38,"column":17}},"loc":{"start":{"line":38,"column":24},"end":{"line":48,"column":3}},"line":38},"7":{"name":"(anonymous_7)","decl":{"start":{"line":44,"column":12},"end":{"line":44,"column":13}},"loc":{"start":{"line":44,"column":26},"end":{"line":47,"column":7}},"line":44},"8":{"name":"handleMoreQsClick","decl":{"start":{"line":50,"column":11},"end":{"line":50,"column":28}},"loc":{"start":{"line":50,"column":31},"end":{"line":52,"column":3}},"line":50},"9":{"name":"(anonymous_9)","decl":{"start":{"line":51,"column":12},"end":{"line":51,"column":13}},"loc":{"start":{"line":51,"column":23},"end":{"line":51,"column":32}},"line":51},"10":{"name":"renderQList","decl":{"start":{"line":54,"column":11},"end":{"line":54,"column":22}},"loc":{"start":{"line":54,"column":25},"end":{"line":67,"column":3}},"line":54},"11":{"name":"(anonymous_11)","decl":{"start":{"line":55,"column":37},"end":{"line":55,"column":38}},"loc":{"start":{"line":55,"column":44},"end":{"line":55,"column":81}},"line":55},"12":{"name":"(anonymous_12)","decl":{"start":{"line":57,"column":26},"end":{"line":57,"column":27}},"loc":{"start":{"line":58,"column":8},"end":{"line":58,"column":94}},"line":58},"13":{"name":"(anonymous_13)","decl":{"start":{"line":64,"column":24},"end":{"line":64,"column":25}},"loc":{"start":{"line":65,"column":6},"end":{"line":65,"column":92}},"line":65},"14":{"name":"(anonymous_14)","decl":{"start":{"line":85,"column":151},"end":{"line":85,"column":152}},"loc":{"start":{"line":85,"column":157},"end":{"line":85,"column":176}},"line":85}},"branchMap":{"0":{"loc":{"start":{"line":56,"column":4},"end":{"line":60,"column":5}},"type":"if","locations":[{"start":{"line":56,"column":4},"end":{"line":60,"column":5}},{"start":{},"end":{}}],"line":56},"1":{"loc":{"start":{"line":81,"column":9},"end":{"line":84,"column":11}},"type":"cond-expr","locations":[{"start":{"line":81,"column":24},"end":{"line":81,"column":28}},{"start":{"line":83,"column":12},"end":{"line":83,"column":206}}],"line":81},"2":{"loc":{"start":{"line":87,"column":7},"end":{"line":94,"column":16}},"type":"cond-expr","locations":[{"start":{"line":89,"column":10},"end":{"line":93,"column":12}},{"start":{"line":94,"column":12},"end":{"line":94,"column":16}}],"line":87}},"s":{"0":0,"1":0,"2":0,"3":0,"4":0,"5":0,"6":0,"7":0,"8":0,"9":0,"10":0,"11":0,"12":0,"13":0,"14":0,"15":0,"16":0,"17":0,"18":0,"19":0,"20":0,"21":0,"22":0,"23":0,"24":0,"25":0,"26":0,"27":0,"28":0},"f":{"0":0,"1":0,"2":0,"3":0,"4":0,"5":0,"6":0,"7":0,"8":0,"9":0,"10":0,"11":0,"12":0,"13":0,"14":0},"b":{"0":[0,0],"1":[0,0],"2":[0,0]}}
,"/Users/aidan/Programming/HackReactor/FEC/FEC-Main/src/components/QA/Questions/QListEntry.jsx": {"path":"/Users/aidan/Programming/HackReactor/FEC/FEC-Main/src/components/QA/Questions/QListEntry.jsx","statementMap":{"0":{"start":{"line":8,"column":34},"end":{"line":8,"column":70}},"1":{"start":{"line":9,"column":28},"end":{"line":9,"column":43}},"2":{"start":{"line":10,"column":46},"end":{"line":10,"column":61}},"3":{"start":{"line":11,"column":38},"end":{"line":11,"column":53}},"4":{"start":{"line":14,"column":4},"end":{"line":14,"column":22}},"5":{"start":{"line":15,"column":4},"end":{"line":25,"column":9}},"6":{"start":{"line":21,"column":8},"end":{"line":21,"column":16}},"7":{"start":{"line":24,"column":8},"end":{"line":24,"column":57}},"8":{"start":{"line":29,"column":4},"end":{"line":33,"column":7}},"9":{"start":{"line":37,"column":4},"end":{"line":41,"column":5}},"10":{"start":{"line":38,"column":6},"end":{"line":38,"column":157}},"11":{"start":{"line":39,"column":6},"end":{"line":39,"column":40}},"12":{"start":{"line":39,"column":29},"end":{"line":39,"column":38}},"13":{"start":{"line":40,"column":6},"end":{"line":40,"column":30}},"14":{"start":{"line":45,"column":4},"end":{"line":45,"column":19}},"15":{"start":{"line":49,"column":4},"end":{"line":49,"column":134}},"16":{"start":{"line":50,"column":4},"end":{"line":50,"column":24}},"17":{"start":{"line":53,"column":2},"end":{"line":81,"column":4}}},"fnMap":{"0":{"name":"QListEntry","decl":{"start":{"line":7,"column":9},"end":{"line":7,"column":19}},"loc":{"start":{"line":7,"column":48},"end":{"line":82,"column":1}},"line":7},"1":{"name":"axPostAnswer","decl":{"start":{"line":13,"column":11},"end":{"line":13,"column":23}},"loc":{"start":{"line":13,"column":30},"end":{"line":26,"column":3}},"line":13},"2":{"name":"(anonymous_2)","decl":{"start":{"line":20,"column":12},"end":{"line":20,"column":13}},"loc":{"start":{"line":20,"column":18},"end":{"line":22,"column":7}},"line":20},"3":{"name":"(anonymous_3)","decl":{"start":{"line":23,"column":13},"end":{"line":23,"column":14}},"loc":{"start":{"line":23,"column":22},"end":{"line":25,"column":7}},"line":23},"4":{"name":"axPutQuestion","decl":{"start":{"line":28,"column":11},"end":{"line":28,"column":24}},"loc":{"start":{"line":28,"column":36},"end":{"line":34,"column":3}},"line":28},"5":{"name":"handleQHelpful","decl":{"start":{"line":36,"column":11},"end":{"line":36,"column":25}},"loc":{"start":{"line":36,"column":28},"end":{"line":42,"column":3}},"line":36},"6":{"name":"(anonymous_6)","decl":{"start":{"line":39,"column":18},"end":{"line":39,"column":19}},"loc":{"start":{"line":39,"column":29},"end":{"line":39,"column":38}},"line":39},"7":{"name":"handleAddAnswerClick","decl":{"start":{"line":44,"column":11},"end":{"line":44,"column":31}},"loc":{"start":{"line":44,"column":34},"end":{"line":46,"column":3}},"line":44},"8":{"name":"handleReportClick","decl":{"start":{"line":48,"column":11},"end":{"line":48,"column":28}},"loc":{"start":{"line":48,"column":31},"end":{"line":51,"column":3}},"line":48}},"branchMap":{"0":{"loc":{"start":{"line":37,"column":4},"end":{"line":41,"column":5}},"type":"if","locations":[{"start":{"line":37,"column":4},"end":{"line":41,"column":5}},{"start":{},"end":{}}],"line":37},"1":{"loc":{"start":{"line":64,"column":108},"end":{"line":64,"column":142}},"type":"cond-expr","locations":[{"start":{"line":64,"column":121},"end":{"line":64,"column":131}},{"start":{"line":64,"column":134},"end":{"line":64,"column":142}}],"line":64},"2":{"loc":{"start":{"line":70,"column":7},"end":{"line":79,"column":14}},"type":"cond-expr","locations":[{"start":{"line":72,"column":10},"end":{"line":77,"column":12}},{"start":{"line":79,"column":10},"end":{"line":79,"column":14}}],"line":70}},"s":{"0":0,"1":0,"2":0,"3":0,"4":0,"5":0,"6":0,"7":0,"8":0,"9":0,"10":0,"11":0,"12":0,"13":0,"14":0,"15":0,"16":0,"17":0},"f":{"0":0,"1":0,"2":0,"3":0,"4":0,"5":0,"6":0,"7":0,"8":0},"b":{"0":[0,0],"1":[0,0],"2":[0,0]}}
,"/Users/aidan/Programming/HackReactor/FEC/FEC-Main/src/components/QA/Search/SearchQuestion.jsx": {"path":"/Users/aidan/Programming/HackReactor/FEC/FEC-Main/src/components/QA/Search/SearchQuestion.jsx","statementMap":{"0":{"start":{"line":6,"column":2},"end":{"line":13,"column":20}},"1":{"start":{"line":8,"column":4},"end":{"line":12,"column":5}},"2":{"start":{"line":9,"column":6},"end":{"line":9,"column":24}},"3":{"start":{"line":11,"column":6},"end":{"line":11,"column":25}},"4":{"start":{"line":17,"column":2},"end":{"line":22,"column":4}},"5":{"start":{"line":19,"column":195},"end":{"line":19,"column":214}},"6":{"start":{"line":19,"column":215},"end":{"line":19,"column":246}}},"fnMap":{"0":{"name":"SearchQuestion","decl":{"start":{"line":3,"column":9},"end":{"line":3,"column":23}},"loc":{"start":{"line":3,"column":70},"end":{"line":23,"column":1}},"line":3},"1":{"name":"(anonymous_1)","decl":{"start":{"line":6,"column":12},"end":{"line":6,"column":13}},"loc":{"start":{"line":6,"column":18},"end":{"line":13,"column":3}},"line":6},"2":{"name":"(anonymous_2)","decl":{"start":{"line":19,"column":186},"end":{"line":19,"column":187}},"loc":{"start":{"line":19,"column":193},"end":{"line":19,"column":248}},"line":19}},"branchMap":{"0":{"loc":{"start":{"line":8,"column":4},"end":{"line":12,"column":5}},"type":"if","locations":[{"start":{"line":8,"column":4},"end":{"line":12,"column":5}},{"start":{"line":10,"column":11},"end":{"line":12,"column":5}}],"line":8}},"s":{"0":0,"1":0,"2":0,"3":0,"4":0,"5":0,"6":0},"f":{"0":0,"1":0,"2":0},"b":{"0":[0,0]}}
,"/Users/aidan/Programming/HackReactor/FEC/FEC-Main/src/components/RIC/CardList.jsx": {"path":"/Users/aidan/Programming/HackReactor/FEC/FEC-Main/src/components/RIC/CardList.jsx","statementMap":{"0":{"start":{"line":8,"column":17},"end":{"line":8,"column":24}},"1":{"start":{"line":9,"column":40},"end":{"line":9,"column":51}},"2":{"start":{"line":11,"column":42},"end":{"line":11,"column":54}},"3":{"start":{"line":13,"column":2},"end":{"line":39,"column":15}},"4":{"start":{"line":15,"column":4},"end":{"line":38,"column":9}},"5":{"start":{"line":23,"column":35},"end":{"line":32,"column":10}},"6":{"start":{"line":24,"column":10},"end":{"line":31,"column":86}},"7":{"start":{"line":30,"column":31},"end":{"line":30,"column":43}},"8":{"start":{"line":31,"column":28},"end":{"line":31,"column":85}},"9":{"start":{"line":33,"column":8},"end":{"line":37,"column":13}},"10":{"start":{"line":36,"column":12},"end":{"line":36,"column":36}},"11":{"start":{"line":41,"column":21},"end":{"line":47,"column":3}},"12":{"start":{"line":42,"column":4},"end":{"line":46,"column":5}},"13":{"start":{"line":43,"column":6},"end":{"line":43,"column":24}},"14":{"start":{"line":45,"column":6},"end":{"line":45,"column":38}},"15":{"start":{"line":49,"column":21},"end":{"line":55,"column":3}},"16":{"start":{"line":50,"column":4},"end":{"line":54,"column":5}},"17":{"start":{"line":51,"column":6},"end":{"line":51,"column":46}},"18":{"start":{"line":53,"column":6},"end":{"line":53,"column":38}},"19":{"start":{"line":57,"column":2},"end":{"line":98,"column":4}},"20":{"start":{"line":68,"column":16},"end":{"line":68,"column":29}},"21":{"start":{"line":79,"column":12},"end":{"line":79,"column":25}},"22":{"start":{"line":88,"column":14},"end":{"line":93,"column":16}}},"fnMap":{"0":{"name":"CardList","decl":{"start":{"line":7,"column":9},"end":{"line":7,"column":17}},"loc":{"start":{"line":7,"column":45},"end":{"line":99,"column":1}},"line":7},"1":{"name":"(anonymous_1)","decl":{"start":{"line":13,"column":12},"end":{"line":13,"column":13}},"loc":{"start":{"line":13,"column":18},"end":{"line":39,"column":3}},"line":13},"2":{"name":"(anonymous_2)","decl":{"start":{"line":21,"column":12},"end":{"line":21,"column":13}},"loc":{"start":{"line":21,"column":26},"end":{"line":38,"column":7}},"line":21},"3":{"name":"(anonymous_3)","decl":{"start":{"line":23,"column":44},"end":{"line":23,"column":45}},"loc":{"start":{"line":24,"column":10},"end":{"line":31,"column":86}},"line":24},"4":{"name":"(anonymous_4)","decl":{"start":{"line":30,"column":18},"end":{"line":30,"column":19}},"loc":{"start":{"line":30,"column":31},"end":{"line":30,"column":43}},"line":30},"5":{"name":"(anonymous_5)","decl":{"start":{"line":31,"column":19},"end":{"line":31,"column":20}},"loc":{"start":{"line":31,"column":28},"end":{"line":31,"column":85}},"line":31},"6":{"name":"(anonymous_6)","decl":{"start":{"line":34,"column":16},"end":{"line":34,"column":17}},"loc":{"start":{"line":34,"column":28},"end":{"line":37,"column":11}},"line":34},"7":{"name":"(anonymous_7)","decl":{"start":{"line":41,"column":21},"end":{"line":41,"column":22}},"loc":{"start":{"line":41,"column":27},"end":{"line":47,"column":3}},"line":41},"8":{"name":"(anonymous_8)","decl":{"start":{"line":49,"column":21},"end":{"line":49,"column":22}},"loc":{"start":{"line":49,"column":27},"end":{"line":55,"column":3}},"line":49},"9":{"name":"(anonymous_9)","decl":{"start":{"line":67,"column":23},"end":{"line":67,"column":24}},"loc":{"start":{"line":67,"column":29},"end":{"line":69,"column":15}},"line":67},"10":{"name":"(anonymous_10)","decl":{"start":{"line":78,"column":19},"end":{"line":78,"column":20}},"loc":{"start":{"line":78,"column":25},"end":{"line":80,"column":11}},"line":78},"11":{"name":"(anonymous_11)","decl":{"start":{"line":87,"column":30},"end":{"line":87,"column":31}},"loc":{"start":{"line":88,"column":14},"end":{"line":93,"column":16}},"line":88}},"branchMap":{"0":{"loc":{"start":{"line":42,"column":4},"end":{"line":46,"column":5}},"type":"if","locations":[{"start":{"line":42,"column":4},"end":{"line":46,"column":5}},{"start":{"line":44,"column":11},"end":{"line":46,"column":5}}],"line":42},"1":{"loc":{"start":{"line":50,"column":4},"end":{"line":54,"column":5}},"type":"if","locations":[{"start":{"line":50,"column":4},"end":{"line":54,"column":5}},{"start":{"line":52,"column":11},"end":{"line":54,"column":5}}],"line":50},"2":{"loc":{"start":{"line":60,"column":7},"end":{"line":72,"column":9}},"type":"cond-expr","locations":[{"start":{"line":61,"column":10},"end":{"line":61,"column":17}},{"start":{"line":63,"column":10},"end":{"line":71,"column":16}}],"line":60},"3":{"loc":{"start":{"line":83,"column":7},"end":{"line":96,"column":9}},"type":"cond-expr","locations":[{"start":{"line":84,"column":10},"end":{"line":84,"column":55}},{"start":{"line":86,"column":10},"end":{"line":95,"column":16}}],"line":83}},"s":{"0":3,"1":3,"2":3,"3":3,"4":2,"5":2,"6":1,"7":1,"8":0,"9":2,"10":2,"11":3,"12":0,"13":0,"14":0,"15":3,"16":0,"17":0,"18":0,"19":3,"20":0,"21":0,"22":1},"f":{"0":3,"1":2,"2":2,"3":1,"4":1,"5":0,"6":2,"7":0,"8":0,"9":0,"10":0,"11":1},"b":{"0":[0,0],"1":[0,0],"2":[3,0],"3":[2,1]},"_coverageSchema":"1a1c01bbd47fc00a2c39e90264f33305004495a9","hash":"a71163c3e2716c0c86f3e5c1c8060f3d512d50c4"}
,"/Users/aidan/Programming/HackReactor/FEC/FEC-Main/src/components/RIC/CardListEntry.jsx": {"path":"/Users/aidan/Programming/HackReactor/FEC/FEC-Main/src/components/RIC/CardListEntry.jsx","statementMap":{"0":{"start":{"line":18,"column":36},"end":{"line":18,"column":48}},"1":{"start":{"line":19,"column":42},"end":{"line":19,"column":53}},"2":{"start":{"line":20,"column":30},"end":{"line":20,"column":41}},"3":{"start":{"line":21,"column":30},"end":{"line":21,"column":45}},"4":{"start":{"line":22,"column":28},"end":{"line":22,"column":42}},"5":{"start":{"line":23,"column":28},"end":{"line":23,"column":43}},"6":{"start":{"line":24,"column":18},"end":{"line":24,"column":44}},"7":{"start":{"line":25,"column":18},"end":{"line":25,"column":29}},"8":{"start":{"line":26,"column":15},"end":{"line":26,"column":30}},"9":{"start":{"line":27,"column":42},"end":{"line":27,"column":54}},"10":{"start":{"line":29,"column":2},"end":{"line":81,"column":9}},"11":{"start":{"line":31,"column":4},"end":{"line":80,"column":86}},"12":{"start":{"line":40,"column":21},"end":{"line":40,"column":47}},"13":{"start":{"line":41,"column":8},"end":{"line":43,"column":9}},"14":{"start":{"line":42,"column":10},"end":{"line":42,"column":24}},"15":{"start":{"line":44,"column":22},"end":{"line":44,"column":61}},"16":{"start":{"line":45,"column":8},"end":{"line":51,"column":9}},"17":{"start":{"line":48,"column":10},"end":{"line":48,"column":60}},"18":{"start":{"line":50,"column":10},"end":{"line":50,"column":30}},"19":{"start":{"line":53,"column":18},"end":{"line":61,"column":10}},"20":{"start":{"line":65,"column":26},"end":{"line":65,"column":63}},"21":{"start":{"line":66,"column":8},"end":{"line":66,"column":38}},"22":{"start":{"line":67,"column":8},"end":{"line":67,"column":32}},"23":{"start":{"line":69,"column":18},"end":{"line":74,"column":10}},"24":{"start":{"line":76,"column":8},"end":{"line":76,"column":50}},"25":{"start":{"line":78,"column":8},"end":{"line":78,"column":46}},"26":{"start":{"line":80,"column":22},"end":{"line":80,"column":84}},"27":{"start":{"line":96,"column":2},"end":{"line":214,"column":4}},"28":{"start":{"line":112,"column":20},"end":{"line":112,"column":52}},"29":{"start":{"line":116,"column":20},"end":{"line":116,"column":52}},"30":{"start":{"line":142,"column":18},"end":{"line":142,"column":35}},"31":{"start":{"line":157,"column":26},"end":{"line":157,"column":45}},"32":{"start":{"line":161,"column":26},"end":{"line":161,"column":45}},"33":{"start":{"line":172,"column":26},"end":{"line":172,"column":45}},"34":{"start":{"line":176,"column":26},"end":{"line":176,"column":45}},"35":{"start":{"line":189,"column":20},"end":{"line":189,"column":44}},"36":{"start":{"line":193,"column":20},"end":{"line":193,"column":44}}},"fnMap":{"0":{"name":"CardListEntry","decl":{"start":{"line":15,"column":9},"end":{"line":15,"column":22}},"loc":{"start":{"line":17,"column":3},"end":{"line":215,"column":1}},"line":17},"1":{"name":"(anonymous_1)","decl":{"start":{"line":29,"column":12},"end":{"line":29,"column":13}},"loc":{"start":{"line":29,"column":18},"end":{"line":81,"column":3}},"line":29},"2":{"name":"(anonymous_2)","decl":{"start":{"line":37,"column":12},"end":{"line":37,"column":13}},"loc":{"start":{"line":37,"column":26},"end":{"line":52,"column":7}},"line":37},"3":{"name":"(anonymous_3)","decl":{"start":{"line":53,"column":12},"end":{"line":53,"column":13}},"loc":{"start":{"line":53,"column":18},"end":{"line":61,"column":10}},"line":53},"4":{"name":"(anonymous_4)","decl":{"start":{"line":62,"column":12},"end":{"line":62,"column":13}},"loc":{"start":{"line":62,"column":25},"end":{"line":68,"column":7}},"line":62},"5":{"name":"(anonymous_5)","decl":{"start":{"line":69,"column":12},"end":{"line":69,"column":13}},"loc":{"start":{"line":69,"column":18},"end":{"line":74,"column":10}},"line":69},"6":{"name":"(anonymous_6)","decl":{"start":{"line":75,"column":12},"end":{"line":75,"column":13}},"loc":{"start":{"line":75,"column":24},"end":{"line":79,"column":7}},"line":75},"7":{"name":"(anonymous_7)","decl":{"start":{"line":80,"column":13},"end":{"line":80,"column":14}},"loc":{"start":{"line":80,"column":22},"end":{"line":80,"column":84}},"line":80},"8":{"name":"(anonymous_8)","decl":{"start":{"line":111,"column":27},"end":{"line":111,"column":28}},"loc":{"start":{"line":111,"column":33},"end":{"line":113,"column":19}},"line":111},"9":{"name":"(anonymous_9)","decl":{"start":{"line":115,"column":30},"end":{"line":115,"column":31}},"loc":{"start":{"line":115,"column":36},"end":{"line":117,"column":19}},"line":115},"10":{"name":"(anonymous_10)","decl":{"start":{"line":141,"column":25},"end":{"line":141,"column":26}},"loc":{"start":{"line":141,"column":31},"end":{"line":143,"column":17}},"line":141},"11":{"name":"(anonymous_11)","decl":{"start":{"line":156,"column":33},"end":{"line":156,"column":34}},"loc":{"start":{"line":156,"column":39},"end":{"line":158,"column":25}},"line":156},"12":{"name":"(anonymous_12)","decl":{"start":{"line":160,"column":36},"end":{"line":160,"column":37}},"loc":{"start":{"line":160,"column":42},"end":{"line":162,"column":25}},"line":160},"13":{"name":"(anonymous_13)","decl":{"start":{"line":171,"column":33},"end":{"line":171,"column":34}},"loc":{"start":{"line":171,"column":39},"end":{"line":173,"column":25}},"line":171},"14":{"name":"(anonymous_14)","decl":{"start":{"line":175,"column":36},"end":{"line":175,"column":37}},"loc":{"start":{"line":175,"column":42},"end":{"line":177,"column":25}},"line":175},"15":{"name":"(anonymous_15)","decl":{"start":{"line":188,"column":27},"end":{"line":188,"column":28}},"loc":{"start":{"line":188,"column":33},"end":{"line":190,"column":19}},"line":188},"16":{"name":"(anonymous_16)","decl":{"start":{"line":192,"column":30},"end":{"line":192,"column":31}},"loc":{"start":{"line":192,"column":36},"end":{"line":194,"column":19}},"line":192}},"branchMap":{"0":{"loc":{"start":{"line":41,"column":8},"end":{"line":43,"column":9}},"type":"if","locations":[{"start":{"line":41,"column":8},"end":{"line":43,"column":9}},{"start":{},"end":{}}],"line":41},"1":{"loc":{"start":{"line":45,"column":8},"end":{"line":51,"column":9}},"type":"if","locations":[{"start":{"line":45,"column":8},"end":{"line":51,"column":9}},{"start":{"line":49,"column":15},"end":{"line":51,"column":9}}],"line":45},"2":{"loc":{"start":{"line":98,"column":7},"end":{"line":200,"column":9}},"type":"cond-expr","locations":[{"start":{"line":98,"column":55},"end":{"line":98,"column":66}},{"start":{"line":100,"column":10},"end":{"line":199,"column":16}}],"line":98},"3":{"loc":{"start":{"line":98,"column":7},"end":{"line":98,"column":52}},"type":"binary-expr","locations":[{"start":{"line":98,"column":7},"end":{"line":98,"column":29}},{"start":{"line":98,"column":33},"end":{"line":98,"column":52}}],"line":98},"4":{"loc":{"start":{"line":121,"column":17},"end":{"line":130,"column":19}},"type":"cond-expr","locations":[{"start":{"line":122,"column":20},"end":{"line":122,"column":124}},{"start":{"line":124,"column":20},"end":{"line":129,"column":26}}],"line":121},"5":{"loc":{"start":{"line":136,"column":15},"end":{"line":147,"column":15}},"type":"binary-expr","locations":[{"start":{"line":136,"column":15},"end":{"line":136,"column":36}},{"start":{"line":137,"column":14},"end":{"line":146,"column":23}}],"line":136},"6":{"loc":{"start":{"line":149,"column":13},"end":{"line":198,"column":15}},"type":"cond-expr","locations":[{"start":{"line":151,"column":16},"end":{"line":183,"column":22}},{"start":{"line":186,"column":16},"end":{"line":197,"column":25}}],"line":149},"7":{"loc":{"start":{"line":152,"column":19},"end":{"line":182,"column":21}},"type":"cond-expr","locations":[{"start":{"line":154,"column":22},"end":{"line":166,"column":31}},{"start":{"line":169,"column":22},"end":{"line":181,"column":31}}],"line":152},"8":{"loc":{"start":{"line":202,"column":9},"end":{"line":211,"column":9}},"type":"binary-expr","locations":[{"start":{"line":202,"column":9},"end":{"line":202,"column":30}},{"start":{"line":202,"column":34},"end":{"line":202,"column":39}},{"start":{"line":203,"column":8},"end":{"line":210,"column":10}}],"line":202}},"s":{"0":2,"1":2,"2":2,"3":2,"4":2,"5":2,"6":2,"7":2,"8":2,"9":2,"10":2,"11":1,"12":1,"13":1,"14":1,"15":1,"16":1,"17":1,"18":0,"19":1,"20":1,"21":1,"22":1,"23":1,"24":1,"25":1,"26":0,"27":2,"28":0,"29":0,"30":0,"31":0,"32":0,"33":0,"34":0,"35":0,"36":0},"f":{"0":2,"1":1,"2":1,"3":1,"4":1,"5":1,"6":1,"7":0,"8":0,"9":0,"10":0,"11":0,"12":0,"13":0,"14":0,"15":0,"16":0},"b":{"0":[1,0],"1":[1,0],"2":[1,1],"3":[2,1],"4":[0,1],"5":[1,1],"6":[1,0],"7":[1,0],"8":[2,2,0]},"_coverageSchema":"1a1c01bbd47fc00a2c39e90264f33305004495a9","hash":"fe9da0e7c4edcf90caa59d02f401260921dd1c44"}
,"/Users/aidan/Programming/HackReactor/FEC/FEC-Main/src/components/RIC/HelperFunctions.jsx": {"path":"/Users/aidan/Programming/HackReactor/FEC/FEC-Main/src/components/RIC/HelperFunctions.jsx","statementMap":{"0":{"start":{"line":7,"column":19},"end":{"line":7,"column":20}},"1":{"start":{"line":8,"column":21},"end":{"line":8,"column":22}},"2":{"start":{"line":9,"column":2},"end":{"line":12,"column":5}},"3":{"start":{"line":10,"column":4},"end":{"line":10,"column":55}},"4":{"start":{"line":11,"column":4},"end":{"line":11,"column":41}},"5":{"start":{"line":13,"column":2},"end":{"line":13,"column":86}},"6":{"start":{"line":20,"column":2},"end":{"line":25,"column":3}},"7":{"start":{"line":20,"column":15},"end":{"line":20,"column":16}},"8":{"start":{"line":22,"column":4},"end":{"line":24,"column":5}},"9":{"start":{"line":23,"column":6},"end":{"line":23,"column":35}},"10":{"start":{"line":26,"column":2},"end":{"line":26,"column":15}},"11":{"start":{"line":30,"column":2},"end":{"line":34,"column":3}},"12":{"start":{"line":30,"column":15},"end":{"line":30,"column":16}},"13":{"start":{"line":31,"column":4},"end":{"line":33,"column":5}},"14":{"start":{"line":32,"column":6},"end":{"line":32,"column":18}},"15":{"start":{"line":35,"column":2},"end":{"line":35,"column":15}},"16":{"start":{"line":39,"column":2},"end":{"line":41,"column":3}},"17":{"start":{"line":40,"column":4},"end":{"line":40,"column":54}},"18":{"start":{"line":42,"column":2},"end":{"line":44,"column":3}},"19":{"start":{"line":43,"column":4},"end":{"line":43,"column":48}},"20":{"start":{"line":45,"column":2},"end":{"line":45,"column":15}},"21":{"start":{"line":49,"column":2},"end":{"line":60,"column":3}},"22":{"start":{"line":51,"column":4},"end":{"line":57,"column":5}},"23":{"start":{"line":51,"column":17},"end":{"line":51,"column":18}},"24":{"start":{"line":53,"column":6},"end":{"line":56,"column":7}},"25":{"start":{"line":55,"column":8},"end":{"line":55,"column":20}},"26":{"start":{"line":59,"column":4},"end":{"line":59,"column":17}},"27":{"start":{"line":61,"column":2},"end":{"line":61,"column":15}},"28":{"start":{"line":65,"column":22},"end":{"line":65,"column":40}},"29":{"start":{"line":67,"column":2},"end":{"line":73,"column":3}},"30":{"start":{"line":68,"column":4},"end":{"line":68,"column":14}},"31":{"start":{"line":69,"column":9},"end":{"line":73,"column":3}},"32":{"start":{"line":70,"column":4},"end":{"line":70,"column":14}},"33":{"start":{"line":71,"column":9},"end":{"line":73,"column":3}},"34":{"start":{"line":72,"column":4},"end":{"line":72,"column":14}},"35":{"start":{"line":74,"column":2},"end":{"line":80,"column":4}}},"fnMap":{"0":{"name":"generateAverage","decl":{"start":{"line":6,"column":16},"end":{"line":6,"column":31}},"loc":{"start":{"line":6,"column":41},"end":{"line":14,"column":1}},"line":6},"1":{"name":"(anonymous_1)","decl":{"start":{"line":9,"column":31},"end":{"line":9,"column":32}},"loc":{"start":{"line":9,"column":40},"end":{"line":12,"column":3}},"line":9},"2":{"name":"includesFeature","decl":{"start":{"line":16,"column":16},"end":{"line":16,"column":31}},"loc":{"start":{"line":16,"column":60},"end":{"line":27,"column":1}},"line":16},"3":{"name":"overviewContains","decl":{"start":{"line":29,"column":16},"end":{"line":29,"column":32}},"loc":{"start":{"line":29,"column":66},"end":{"line":36,"column":1}},"line":29},"4":{"name":"featureValue","decl":{"start":{"line":38,"column":16},"end":{"line":38,"column":28}},"loc":{"start":{"line":38,"column":36},"end":{"line":46,"column":1}},"line":38},"5":{"name":"doesItInclude","decl":{"start":{"line":48,"column":16},"end":{"line":48,"column":29}},"loc":{"start":{"line":48,"column":48},"end":{"line":62,"column":1}},"line":48},"6":{"name":"generatePartialStar","decl":{"start":{"line":64,"column":16},"end":{"line":64,"column":35}},"loc":{"start":{"line":64,"column":62},"end":{"line":81,"column":1}},"line":64}},"branchMap":{"0":{"loc":{"start":{"line":22,"column":4},"end":{"line":24,"column":5}},"type":"if","locations":[{"start":{"line":22,"column":4},"end":{"line":24,"column":5}},{"start":{},"end":{}}],"line":22},"1":{"loc":{"start":{"line":31,"column":4},"end":{"line":33,"column":5}},"type":"if","locations":[{"start":{"line":31,"column":4},"end":{"line":33,"column":5}},{"start":{},"end":{}}],"line":31},"2":{"loc":{"start":{"line":39,"column":2},"end":{"line":41,"column":3}},"type":"if","locations":[{"start":{"line":39,"column":2},"end":{"line":41,"column":3}},{"start":{},"end":{}}],"line":39},"3":{"loc":{"start":{"line":42,"column":2},"end":{"line":44,"column":3}},"type":"if","locations":[{"start":{"line":42,"column":2},"end":{"line":44,"column":3}},{"start":{},"end":{}}],"line":42},"4":{"loc":{"start":{"line":49,"column":2},"end":{"line":60,"column":3}},"type":"if","locations":[{"start":{"line":49,"column":2},"end":{"line":60,"column":3}},{"start":{}
[...]
,"/Users/aidan/Programming/HackReactor/FEC/FEC-Main/src/components/RatingsAndReviews/Reviews/ReviewList.jsx": {"path":"/Users/aidan/Programming/HackReactor/FEC/FEC-Main/src/components/RatingsAndReviews/Reviews/ReviewList.jsx","statementMap":{"0":{"start":{"line":9,"column":23},"end":{"line":10,"column":41}},"1":{"start":{"line":12,"column":2},"end":{"line":14,"column":15}},"2":{"start":{"line":13,"column":4},"end":{"line":13,"column":21}},"3":{"start":{"line":16,"column":19},"end":{"line":30,"column":3}},"4":{"start":{"line":17,"column":4},"end":{"line":29,"column":13}},"5":{"start":{"line":21,"column":8},"end":{"line":21,"column":32}},"6":{"start":{"line":22,"column":8},"end":{"line":22,"column":20}},"7":{"start":{"line":23,"column":8},"end":{"line":23,"column":42}},"8":{"start":{"line":32,"column":2},"end":{"line":71,"column":4}},"9":{"start":{"line":43,"column":10},"end":{"line":47,"column":12}},"10":{"start":{"line":54,"column":14},"end":{"line":54,"column":34}},"11":{"start":{"line":55,"column":14},"end":{"line":55,"column":40}}},"fnMap":{"0":{"name":"ReviewList","decl":{"start":{"line":6,"column":9},"end":{"line":6,"column":19}},"loc":{"start":{"line":8,"column":3},"end":{"line":72,"column":1}},"line":8},"1":{"name":"(anonymous_1)","decl":{"start":{"line":12,"column":12},"end":{"line":12,"column":13}},"loc":{"start":{"line":12,"column":18},"end":{"line":14,"column":3}},"line":12},"2":{"name":"(anonymous_2)","decl":{"start":{"line":16,"column":19},"end":{"line":16,"column":20}},"loc":{"start":{"line":17,"column":4},"end":{"line":29,"column":13}},"line":17},"3":{"name":"(anonymous_3)","decl":{"start":{"line":20,"column":16},"end":{"line":20,"column":17}},"loc":{"start":{"line":20,"column":23},"end":{"line":24,"column":7}},"line":20},"4":{"name":"(anonymous_4)","decl":{"start":{"line":42,"column":21},"end":{"line":42,"column":22}},"loc":{"start":{"line":43,"column":10},"end":{"line":47,"column":12}},"line":43},"5":{"name":"(anonymous_5)","decl":{"start":{"line":53,"column":21},"end":{"line":53,"column":22}},"loc":{"start":{"line":53,"column":27},"end":{"line":56,"column":13}},"line":53}},"branchMap":{"0":{"loc":{"start":{"line":32,"column":9},"end":{"line":71,"column":3}},"type":"cond-expr","locations":[{"start":{"line":33,"column":4},"end":{"line":65,"column":10}},{"start":{"line":67,"column":4},"end":{"line":70,"column":10}}],"line":32},"1":{"loc":{"start":{"line":51,"column":9},"end":{"line":62,"column":16}},"type":"cond-expr","locations":[{"start":{"line":52,"column":10},"end":{"line":61,"column":19}},{"start":{"line":62,"column":12},"end":{"line":62,"column":16}}],"line":51}},"s":{"0":2,"1":2,"2":1,"3":2,"4":1,"5":0,"6":0,"7":0,"8":2,"9":2,"10":0,"11":0},"f":{"0":2,"1":1,"2":1,"3":0,"4":2,"5":0},"b":{"0":[1,1],"1":[1,0]},"_coverageSchema":"1a1c01bbd47fc00a2c39e90264f33305004495a9","hash":"5e2bebc37bf99494f6e1cc1a90fb17526bc1217f"}
,"/Users/aidan/Programming/HackReactor/FEC/FEC-Main/src/components/RatingsAndReviews/Reviews/AddReviews/AddReview.jsx": {"path":"/Users/aidan/Programming/HackReactor/FEC/FEC-Main/src/components/RatingsAndReviews/Reviews/AddReviews/AddReview.jsx","statementMap":{"0":{"start":{"line":5,"column":36},"end":{"line":5,"column":51}},"1":{"start":{"line":6,"column":2},"end":{"line":21,"column":4}},"2":{"start":{"line":10,"column":10},"end":{"line":10,"column":35}}},"fnMap":{"0":{"name":"AddReview","decl":{"start":{"line":4,"column":9},"end":{"line":4,"column":18}},"loc":{"start":{"line":4,"column":36},"end":{"line":22,"column":1}},"line":4},"1":{"name":"(anonymous_1)","decl":{"start":{"line":9,"column":17},"end":{"line":9,"column":18}},"loc":{"start":{"line":9,"column":23},"end":{"line":11,"column":9}},"line":9}},"branchMap":{"0":{"loc":{"start":{"line":17,"column":7},"end":{"line":19,"column":14}},"type":"cond-expr","locations":[{"start":{"line":18,"column":8},"end":{"line":18,"column":82}},{"start":{"line":19,"column":10},"end":{"line":19,"column":14}}],"line":17}},"s":{"0":5,"1":5,"2":1},"f":{"0":5,"1":1},"b":{"0":[1,4]},"_coverageSchema":"1a1c01bbd47fc00a2c39e90264f33305004495a9","hash":"5ade60247f77db44cae3e17a319a9c6cb543f506"}
,"/Users/aidan/Programming/HackReactor/FEC/FEC-Main/src/components/RatingsAndReviews/Reviews/AddReviews/AddReviewStars.jsx": {"path":"/Users/aidan/Programming/HackReactor/FEC/FEC-Main/src/components/RatingsAndReviews/Reviews/AddReviews/AddReviewStars.jsx","statementMap":{"0":{"start":{"line":7,"column":20},"end":{"line":7,"column":26}},"1":{"start":{"line":8,"column":21},"end":{"line":8,"column":34}},"2":{"start":{"line":10,"column":25},"end":{"line":15,"column":3}},"3":{"start":{"line":17,"column":2},"end":{"line":45,"column":4}},"4":{"start":{"line":21,"column":10},"end":{"line":29,"column":12}},"5":{"start":{"line":23,"column":14},"end":{"line":23,"column":34}},"6":{"start":{"line":24,"column":14},"end":{"line":24,"column":40}},"7":{"start":{"line":32,"column":10},"end":{"line":40,"column":12}},"8":{"start":{"line":34,"column":14},"end":{"line":34,"column":43}},"9":{"start":{"line":35,"column":14},"end":{"line":35,"column":40}}},"fnMap":{"0":{"name":"Stars","decl":{"start":{"line":6,"column":9},"end":{"line":6,"column":14}},"loc":{"start":{"line":6,"column":57},"end":{"line":46,"column":1}},"line":6},"1":{"name":"(anonymous_1)","decl":{"start":{"line":20,"column":35},"end":{"line":20,"column":36}},"loc":{"start":{"line":21,"column":10},"end":{"line":29,"column":12}},"line":21},"2":{"name":"(anonymous_2)","decl":{"start":{"line":22,"column":21},"end":{"line":22,"column":22}},"loc":{"start":{"line":22,"column":27},"end":{"line":25,"column":13}},"line":22},"3":{"name":"(anonymous_3)","decl":{"start":{"line":31,"column":36},"end":{"line":31,"column":37}},"loc":{"start":{"line":32,"column":10},"end":{"line":40,"column":12}},"line":32},"4":{"name":"(anonymous_4)","decl":{"start":{"line":33,"column":21},"end":{"line":33,"column":22}},"loc":{"start":{"line":33,"column":27},"end":{"line":36,"column":13}},"line":33}},"branchMap":{"0":{"loc":{"start":{"line":43,"column":55},"end":{"line":43,"column":110}},"type":"cond-expr","locations":[{"start":{"line":43,"column":70},"end":{"line":43,"column":96}},{"start":{"line":43,"column":99},"end":{"line":43,"column":110}}],"line":43}},"s":{"0":1,"1":1,"2":1,"3":1,"4":0,"5":0,"6":0,"7":5,"8":0,"9":0},"f":{"0":1,"1":0,"2":0,"3":5,"4":0},"b":{"0":[0,1]},"_coverageSchema":"1a1c01bbd47fc00a2c39e90264f33305004495a9","hash":"0dd456f15bff4a674972c0ea38552d2092135191"}
,"/Users/aidan/Programming/HackReactor/FEC/FEC-Main/src/components/RatingsAndReviews/Reviews/AddReviews/CharacterInput.jsx": {"path":"/Users/aidan/Programming/HackReactor/FEC/FEC-Main/src/components/RatingsAndReviews/Reviews/AddReviews/CharacterInput.jsx","statementMap":{"0":{"start":{"line":4,"column":24},"end":{"line":11,"column":3}},"1":{"start":{"line":13,"column":2},"end":{"line":23,"column":4}},"2":{"start":{"line":17,"column":8},"end":{"line":20,"column":16}}},"fnMap":{"0":{"name":"CharacterInput","decl":{"start":{"line":3,"column":9},"end":{"line":3,"column":23}},"loc":{"start":{"line":3,"column":44},"end":{"line":24,"column":1}},"line":3},"1":{"name":"(anonymous_1)","decl":{"start":{"line":16,"column":41},"end":{"line":16,"column":42}},"loc":{"start":{"line":17,"column":8},"end":{"line":20,"column":16}},"line":17}},"branchMap":{},"s":{"0":4,"1":4,"2":20},"f":{"0":4,"1":20},"b":{},"_coverageSchema":"1a1c01bbd47fc00a2c39e90264f33305004495a9","hash":"30e89a1dfad422b76deca191b5039d17eb03a31b"}
,"/Users/aidan/Programming/HackReactor/FEC/FEC-Main/src/components/RatingsAndReviews/Reviews/AddReviews/ReviewForm.jsx": {"path":"/Users/aidan/Programming/HackReactor/FEC/FEC-Main/src/components/RatingsAndReviews/Reviews/AddReviews/ReviewForm.jsx","statementMap":{"0":{"start":{"line":8,"column":18},"end":{"line":8,"column":44}},"1":{"start":{"line":9,"column":18},"end":{"line":9,"column":29}},"2":{"start":{"line":10,"column":15},"end":{"line":10,"column":30}},"3":{"start":{"line":11,"column":28},"end":{"line":11,"column":39}},"4":{"start":{"line":12,"column":42},"end":{"line":12,"column":54}},"5":{"start":{"line":13,"column":48},"end":{"line":13,"column":63}},"6":{"start":{"line":14,"column":46},"end":{"line":14,"column":57}},"7":{"start":{"line":15,"column":48},"end":{"line":15,"column":63}},"8":{"start":{"line":18,"column":19},"end":{"line":18,"column":35}},"9":{"start":{"line":19,"column":17},"end":{"line":19,"column":34}},"10":{"start":{"line":20,"column":4},"end":{"line":22,"column":6}},"11":{"start":{"line":21,"column":6},"end":{"line":21,"column":76}},"12":{"start":{"line":21,"column":32},"end":{"line":21,"column":74}},"13":{"start":{"line":23,"column":4},"end":{"line":23,"column":31}},"14":{"start":{"line":27,"column":4},"end":{"line":27,"column":23}},"15":{"start":{"line":28,"column":4},"end":{"line":67,"column":5}},"16":{"start":{"line":29,"column":6},"end":{"line":29,"column":31}},"17":{"start":{"line":30,"column":6},"end":{"line":30,"column":31}},"18":{"start":{"line":31,"column":11},"end":{"line":67,"column":5}},"19":{"start":{"line":32,"column":6},"end":{"line":32,"column":31}},"20":{"start":{"line":33,"column":11},"end":{"line":67,"column":5}},"21":{"start":{"line":34,"column":6},"end":{"line":34,"column":31}},"22":{"start":{"line":36,"column":19},"end":{"line":36,"column":27}},"23":{"start":{"line":38,"column":24},"end":{"line":38,"column":56}},"24":{"start":{"line":39,"column":30},"end":{"line":39,"column":32}},"25":{"start":{"line":40,"column":6},"end":{"line":44,"column":9}},"26":{"start":{"line":41,"column":23},"end":{"line":41,"column":61}},"27":{"start":{"line":42,"column":21},"end":{"line":42,"column":41}},"28":{"start":{"line":43,"column":8},"end":{"line":43,"column":59}},"29":{"start":{"line":45,"column":6},"end":{"line":65,"column":11}},"30":{"start":{"line":61,"column":10},"end":{"line":61,"column":39}},"31":{"start":{"line":64,"column":10},"end":{"line":64,"column":60}},"32":{"start":{"line":66,"column":6},"end":{"line":66,"column":26}},"33":{"start":{"line":70,"column":2},"end":{"line":176,"column":4}},"34":{"start":{"line":71,"column":71},"end":{"line":71,"column":86}},"35":{"start":{"line":97,"column":10},"end":{"line":100,"column":12}},"36":{"start":{"line":113,"column":39},"end":{"line":113,"column":79}},"37":{"start":{"line":144,"column":54},"end":{"line":144,"column":153}}},"fnMap":{"0":{"name":"ReviewForm","decl":{"start":{"line":7,"column":9},"end":{"line":7,"column":19}},"loc":{"start":{"line":7,"column":51},"end":{"line":177,"column":1}},"line":7},"1":{"name":"handleUploadClick","decl":{"start":{"line":17,"column":11},"end":{"line":17,"column":28}},"loc":{"start":{"line":17,"column":32},"end":{"line":24,"column":3}},"line":17},"2":{"name":"(anonymous_2)","decl":{"start":{"line":20,"column":23},"end":{"line":20,"column":24}},"loc":{"start":{"line":20,"column":29},"end":{"line":22,"column":5}},"line":20},"3":{"name":"(anonymous_3)","decl":{"start":{"line":21,"column":22},"end":{"line":21,"column":23}},"loc":{"start":{"line":21,"column":32},"end":{"line":21,"column":74}},"line":21},"4":{"name":"validateForm","decl":{"start":{"line":26,"column":11},"end":{"line":26,"column":23}},"loc":{"start":{"line":26,"column":27},"end":{"line":68,"column":3}},"line":26},"5":{"name":"(anonymous_5)","decl":{"start":{"line":40,"column":55},"end":{"line":40,"column":56}},"loc":{"start":{"line":40,"column":67},"end":{"line":44,"column":7}},"line":40},"6":{"name":"(anonymous_6)","decl":{"start":{"line":60,"column":14},"end":{"line":60,"column":15}},"loc":{"start":{"line":60,"column":23},"end":{"line":62,"column":9}},"line":60},"7":{"name":"(anonymous_7)","decl":{"start":{"line":63,"column":15},"end":{"line":63,"column":16}},"loc":{"start":{"line":63,"column":24},"end":{"line":65,"column":9}},"line":63},"8":{"name":"(anonymous_8)","decl":{"start":{"line":71,"column":64},"end":{"line":71,"column":65}},"loc":{"start":{"line":71,"column":71},"end":{"line":71,"column":86}},"line":71},"9":{"name":"(anonymous_9)","decl":{"start":{"line":96,"column":54},"end":{"line":96,"column":55}},"loc":{"start":{"line":97,"column":10},"end":{"line":100,"column":12}},"line":97},"10":{"name":"(anonymous_10)","decl":{"start":{"line":113,"column":32},"end":{"line":113,"column":33}},"loc":{"start":{"line":113,"column":39},"end":{"line":113,"column":79}},"line":113},"11":{"name":"(anonymous_11)","decl":{"start":{"line":144,"column":32},"end":{"line":144,"column":33}},"loc":{"start":{"line":144,"column":54},"end":{"line":144,"column":153}},"line":144}},"branchMap":{"0":{"loc":{"start":{"line":28,"column":4},"end":{"line":67,"column":5}},"type":"if","locations":[{"start":{"line":28,"column":4},"end":{"line":67,"column":5}},{"start":{"line":31,"column":11},"end":{"line":67,"column":5}}],"line":28},"1":{"loc":{"start":{"line":28,"column":8},"end":{"line":28,"column":42}},"type":"binary-expr","locations":[{"start":{"line":28,"column":8},"end":{"line":28,"column":19}},{"start":{"line":28,"column":23},"end":{"line":28,"column":42}}],"line":28},"2":{"loc":{"start":{"line":31,"column":11},"end":{"line":67,"column":5}},"type":"if","locations":[{"start":{"line":31,"column":11},"end":{"line":67,"column":5}},{"start":{"line":33,"column":11},"end":{"line":67,"column":5}}],"line":31},"3":{"loc":{"start":{"line":33,"column":11},"end":{"line":67,"column":5}},"type":"if","locations":[{"start":{"line":33,"column":11},"end":{"line":67,"column":5}},{"start":{"line":35,"column":11},"end":{"line":67,"column":5}}],"line":33},"4":{"loc":{"start":{"line":78,"column":9},"end":{"line":80,"column":16}},"type":"cond-expr","locations":[{"start":{"line":79,"column":10},"end":{"line":79,"column":85}},{"start":{"line":80,"column":12},"end":{"line":80,"column":16}}],"line":78},"5":{"loc":{"start":{"line":115,"column":11},"end":{"line":121,"column":18}},"type":"cond-expr","locations":[{"start":{"line":116,"column":12},"end":{"line":120,"column":16}},{"start":{"line":121,"column":14},"end":{"line":121,"column":18}}],"line":115},"6":{"loc":{"start":{"line":116,"column":44},"end":{"line":116,"column":83}},"type":"cond-expr","locations":[{"start":{"line":116,"column":62},"end":{"line":116,"column":76}},{"start":{"line":116,"column":79},"end":{"line":116,"column":83}}],"line":116},"7":{"loc":{"start":{"line":127,"column":13},"end":{"line":142,"column":13}},"type":"binary-expr","locations":[{"start":{"line":127,"column":13},"end":{"line":127,"column":36}},{"start":{"line":128,"column":14},"end":{"line":141,"column":23}}],"line":127},"8":{"loc":{"start":{"line":167,"column":9},"end":{"line":169,"column":16}},"type":"cond-expr","locations":[{"start":{"line":168,"column":10},"end":{"line":168,"column":91}},{"start":{"line":169,"column":12},"end":{"line":169,"column":16}}],"line":167},"9":{"loc":{"start":{"line":170,"column":9},"end":{"line":172,"column":16}},"type":"cond-expr","locations":[{"start":{"line":171,"column":10},"end":{"line":171,"column":112}},{"start":{"line":172,"column":12},"end":{"line":172,"column":16}}],"line":170},"10":{"loc":{"start":{"line":170,"column":9},"end":{"line":170,"column":47}},"type":"binary-expr","locations":[{"start":{"line":170,"column":9},"end":{"line":170,"column":24}},{"start":{"line":170,"column":28},"end":{"line":170,"column":47}}],"line":170}},"s":{"0":1,"1":1,"2":1,"3":1,"4":1,"5":1,"6":1,"7":1,"8":0,"9":0,"10":0,"11":0,"12":0,"13":0,"14":0,"15":0,"16":0,"17":0,"18":0,"19":0,"20":0,"21":0,"22":0,"23":0,"24":0,"25":0,"26":0,"27":0,"28":0,"29":0,"30":0,"31":0,"32":0,"33":1,"34":0,"35":4,"36":0,"37":0},"f":{"0":1,"1":0,"2":0,"3":0,"4":0,"5":0,"6":0,"7":0,"8":0,"9":4,"10":0,"11":0},"b":{"0":[0,0],"1":[0,0],"2":[0,0],"3":[0,0],"4":[0,1],"5":[1,0],"6":[0,1],"7":[1,1],"8":[0,1],"9":[0,1],"10":[1,0]},"_coverageSchema":"1a1c01bbd47fc00a2c39e90264f33305004495a9","hash":"b63ef4e781f17af5f6686edef8b50021bf2ba4f2"}
,"/Users/aidan/Programming/HackReactor/FEC/FEC-Main/src/components/RatingsAndReviews/Reviews/AddReviews/WriteReviewModal.jsx": {"path":"/Users/aidan/Programming/HackReactor/FEC/FEC-Main/src/components/RatingsAndReviews/Reviews/AddReviews/WriteReviewModal.jsx","statementMap":{"0":{"start":{"line":7,"column":18},"end":{"line":7,"column":44}},"1":{"start":{"line":8,"column":18},"end":{"line":8,"column":29}},"2":{"start":{"line":9,"column":19},"end":{"line":9,"column":39}},"3":{"start":{"line":12,"column":4},"end":{"line":33,"column":10}},"4":{"start":{"line":17,"column":27},"end":{"line":17,"column":46}},"5":{"start":{"line":36,"column":2},"end":{"line":36,"column":52}}},"fnMap":{"0":{"name":"WriteReviewModal","decl":{"start":{"line":6,"column":9},"end":{"line":6,"column":25}},"loc":{"start":{"line":6,"column":57},"end":{"line":37,"column":1}},"line":6},"1":{"name":"(anonymous_1)","decl":{"start":{"line":17,"column":21},"end":{"line":17,"column":22}},"loc":{"start":{"line":17,"column":27},"end":{"line":17,"column":46}},"line":17}},"branchMap":{},"s":{"0":1,"1":1,"2":1,"3":1,"4":1,"5":1},"f":{"0":1,"1":1},"b":{},"_coverageSchema":"1a1c01bbd47fc00a2c39e90264f33305004495a9","hash":"e193f5e9cbe8b9a6f818b3cd1b9e2530d3542879"}
,"/Users/aidan/Programming/HackReactor/FEC/FEC-Main/src/components/RatingsAndReviews/lib/generateAverage.js": {"path":"/Users/aidan/Programming/HackReactor/FEC/FEC-Main/src/components/RatingsAndReviews/lib/generateAverage.js","statementMap":{"0":{"start":{"line":2,"column":19},"end":{"line":2,"column":20}},"1":{"start":{"line":3,"column":21},"end":{"line":3,"column":22}},"2":{"start":{"line":4,"column":2},"end":{"line":7,"column":5}},"3":{"start":{"line":5,"column":4},"end":{"line":5,"column":55}},"4":{"start":{"line":6,"column":4},"end":{"line":6,"column":41}},"5":{"start":{"line":8,"column":2},"end":{"line":8,"column":35}}},"fnMap":{"0":{"name":"generateAverage","decl":{"start":{"line":1,"column":24},"end":{"line":1,"column":39}},"loc":{"start":{"line":1,"column":49},"end":{"line":9,"column":1}},"line":1},"1":{"name":"(anonymous_1)","decl":{"start":{"line":4,"column":31},"end":{"line":4,"column":32}},"loc":{"start":{"line":4,"column":40},"end":{"line":7,"column":3}},"line":4}},"branchMap":{},"s":{"0":8,"1":8,"2":8,"3":39,"4":39,"5":8},"f":{"0":8,"1":39},"b":{},"_coverageSchema":"1a1c01bbd47fc00a2c39e90264f33305004495a9","hash":"ad902ab2dc345bd93c2fb32d9fe054dab01507c3"}
}
